{"target": 0.784619190509878, "params": {"g": 4.0, "gz": 145.22515999617508, "w": 1.0, "x": 26.299261436656227, "y": 162.9180677225115}, "datetime": {"datetime": "2019-06-01 16:15:34", "elapsed": 31753.332227, "delta": 458.195282}}
{"target": 1.1866934689944024, "params": {"g": 4.0, "gz": 107.0753768270161, "w": 5.0, "x": 10.0, "y": 198.6755681879332}, "datetime": {"datetime": "2019-06-01 16:22:57", "elapsed": 32196.782028, "delta": 443.449801}}
{"target": 1.0545999820018812, "params": {"g": 1.0, "gz": 169.85214177996755, "w": 1.0, "x": 74.5476804764964, "y": 240.0}, "datetime": {"datetime": "2019-06-01 16:32:02", "elapsed": 32741.210217, "delta": 544.428189}}
{"target": 0.0, "params": {"g": 4.0, "gz": 191.00498142796906, "w": 5.0, "x": 41.83055212291173, "y": 237.7438636441913}, "datetime": {"datetime": "2019-06-01 16:32:05", "elapsed": 32744.32371, "delta": 3.113493}}
{"target": 1.175133010662572, "params": {"g": 1.0, "gz": 56.47853310430746, "w": 5.0, "x": 10.0, "y": 212.36564695996452}, "datetime": {"datetime": "2019-06-01 16:39:40", "elapsed": 33199.539643, "delta": 455.215933}}
{"target": 1.1224047272918072, "params": {"g": 1.0, "gz": 92.23826979975894, "w": 1.0, "x": 140.0, "y": 123.01168411536997}, "datetime": {"datetime": "2019-06-01 16:48:35", "elapsed": 33734.958115, "delta": 535.418472}}
{"target": 1.0547341440505549, "params": {"g": 1.0, "gz": 129.07689209054033, "w": 1.0, "x": 113.07718451303714, "y": 227.0266335693383}, "datetime": {"datetime": "2019-06-01 16:58:18", "elapsed": 34317.749581, "delta": 582.791466}}
{"target": 1.1565521886863084, "params": {"g": 1.0, "gz": 144.8570099760242, "w": 5.0, "x": 10.0, "y": 240.0}, "datetime": {"datetime": "2019-06-01 17:05:55", "elapsed": 34774.923034, "delta": 457.173453}}
{"target": 1.0556508930703083, "params": {"g": 1.0, "gz": 102.16785799619501, "w": 1.0, "x": 88.97829853620519, "y": 240.0}, "datetime": {"datetime": "2019-06-01 17:15:15", "elapsed": 35334.721204, "delta": 559.79817}}
{"target": 1.1576718125553993, "params": {"g": 4.0, "gz": 72.73782027825803, "w": 1.0, "x": 10.0, "y": 240.0}, "datetime": {"datetime": "2019-06-01 17:22:41", "elapsed": 35780.186963, "delta": 445.465759}}
{"target": 0.0, "params": {"g": 1.0, "gz": 89.58657440407723, "w": 5.0, "x": 107.21769455051864, "y": 120.0}, "datetime": {"datetime": "2019-06-01 17:22:44", "elapsed": 35783.919688, "delta": 3.732725}}
{"target": 1.2088712346651418, "params": {"g": 1.0, "gz": 56.813074336886444, "w": 5.0, "x": 30.359637577991098, "y": 179.91562275833803}, "datetime": {"datetime": "2019-06-01 17:30:44", "elapsed": 36263.033306, "delta": 479.113618}}
{"target": 1.113336843015921, "params": {"g": 4.0, "gz": 103.74721821406598, "w": 5.0, "x": 67.18357417264775, "y": 212.86822975544158}, "datetime": {"datetime": "2019-06-01 17:38:46", "elapsed": 36745.31462, "delta": 482.281314}}
{"target": 1.1609929205958223, "params": {"g": 1.0, "gz": 20.0, "w": 1.0, "x": 10.0, "y": 240.0}, "datetime": {"datetime": "2019-06-01 17:46:21", "elapsed": 37200.237244, "delta": 454.922624}}
{"target": 1.1350070955616718, "params": {"g": 4.0, "gz": 20.0, "w": 1.0, "x": 44.52141794485169, "y": 240.0}, "datetime": {"datetime": "2019-06-01 17:54:13", "elapsed": 37672.206311, "delta": 471.969067}}
{"target": 1.1879731081052938, "params": {"g": 4.0, "gz": 61.998745590173044, "w": 1.0, "x": 10.0, "y": 120.0}, "datetime": {"datetime": "2019-06-01 18:01:34", "elapsed": 38113.493742, "delta": 441.287431}}
{"target": 1.2029588122339694, "params": {"g": 4.0, "gz": 20.0, "w": 1.0, "x": 10.0, "y": 120.0}, "datetime": {"datetime": "2019-06-01 18:08:54", "elapsed": 38553.715621, "delta": 440.221879}}
{"target": 1.0708290161705087, "params": {"g": 1.0, "gz": 105.87219950990705, "w": 1.0, "x": 140.0, "y": 180.05495830405886}, "datetime": {"datetime": "2019-06-01 18:18:29", "elapsed": 39128.062958, "delta": 574.347337}}
{"target": 1.0912109148557898, "params": {"g": 1.0, "gz": 81.9936043873206, "w": 1.0, "x": 140.0, "y": 154.88011280626878}, "datetime": {"datetime": "2019-06-01 18:27:46", "elapsed": 39685.32142, "delta": 557.258462}}
{"target": 1.1402297401953196, "params": {"g": 1.0, "gz": 20.0, "w": 1.0, "x": 140.0, "y": 120.0}, "datetime": {"datetime": "2019-06-01 18:36:35", "elapsed": 40214.216628, "delta": 528.895208}}
{"target": 1.1354959800363864, "params": {"g": 4.0, "gz": 57.59678375552291, "w": 1.0, "x": 140.0, "y": 120.0}, "datetime": {"datetime": "2019-06-01 18:44:43", "elapsed": 40702.776186, "delta": 488.559558}}
{"target": 0.0, "params": {"g": 4.0, "gz": 200.0, "w": 1.0, "x": 140.0, "y": 120.0}, "datetime": {"datetime": "2019-06-01 18:44:47", "elapsed": 40706.171097, "delta": 3.394911}}
{"target": 1.0445972888974917, "params": {"g": 1.0, "gz": 200.0, "w": 1.0, "x": 105.88008434169546, "y": 240.0}, "datetime": {"datetime": "2019-06-01 18:54:29", "elapsed": 41288.719602, "delta": 582.548505}}
{"target": 1.0217153880464542, "params": {"g": 4.0, "gz": 200.0, "w": 1.0, "x": 140.0, "y": 240.0}, "datetime": {"datetime": "2019-06-01 19:03:23", "elapsed": 41822.696925, "delta": 533.977323}}
{"target": 1.1802696330740878, "params": {"g": 4.0, "gz": 138.31772084761928, "w": 5.0, "x": 10.0, "y": 212.3181479728629}, "datetime": {"datetime": "2019-06-01 19:10:50", "elapsed": 42269.259725, "delta": 446.5628}}
{"target": 1.1912898313843794, "params": {"g": 4.0, "gz": 62.30459674464, "w": 1.0, "x": 39.94563489960766, "y": 207.24675964472937}, "datetime": {"datetime": "2019-06-01 19:18:38", "elapsed": 42737.54802, "delta": 468.288295}}
{"target": 0.0, "params": {"g": 1.0, "gz": 200.0, "w": 1.0, "x": 60.189324505299176, "y": 193.4436434795987}, "datetime": {"datetime": "2019-06-01 19:18:42", "elapsed": 42741.114091, "delta": 3.566071}}
{"target": 1.075757698745891, "params": {"g": 1.0, "gz": 64.77182386010735, "w": 5.0, "x": 140.0, "y": 184.12100677644415}, "datetime": {"datetime": "2019-06-01 19:28:23", "elapsed": 43322.668027, "delta": 581.553936}}
{"target": 1.0218049595344192, "params": {"g": 4.0, "gz": 136.34670956392063, "w": 1.0, "x": 140.0, "y": 240.0}, "datetime": {"datetime": "2019-06-01 19:37:22", "elapsed": 43861.677208, "delta": 539.009181}}
{"target": 1.0517721348532385, "params": {"g": 1.0, "gz": 161.46123808675557, "w": 1.0, "x": 106.26619895986104, "y": 240.0}, "datetime": {"datetime": "2019-06-01 19:47:07", "elapsed": 44446.538575, "delta": 584.861367}}
{"target": 1.1562692247031916, "params": {"g": 1.0, "gz": 100.69022041490531, "w": 5.0, "x": 10.0, "y": 240.0}, "datetime": {"datetime": "2019-06-01 19:54:52", "elapsed": 44911.860167, "delta": 465.321592}}
{"target": 1.1088378492084219, "params": {"g": 4.0, "gz": 86.87961917342942, "w": 5.0, "x": 48.7276316345513, "y": 240.0}, "datetime": {"datetime": "2019-06-01 20:03:11", "elapsed": 45410.627229, "delta": 498.767062}}
{"target": 1.194833361132752, "params": {"g": 4.0, "gz": 78.14295209505364, "w": 1.0, "x": 50.24192305866728, "y": 176.53146963555068}, "datetime": {"datetime": "2019-06-01 20:11:38", "elapsed": 45917.086885, "delta": 506.459656}}
{"target": 1.1935975204918954, "params": {"g": 4.0, "gz": 40.44281225382862, "w": 1.0, "x": 10.0, "y": 186.57996069676963}, "datetime": {"datetime": "2019-06-01 20:19:36", "elapsed": 46395.304198, "delta": 478.217313}}
{"target": 1.1630751974196254, "params": {"g": 4.0, "gz": 171.11794781579013, "w": 1.0, "x": 10.0, "y": 225.72222006420307}, "datetime": {"datetime": "2019-06-01 20:27:33", "elapsed": 46872.121748, "delta": 476.81755}}
{"target": 0.0, "params": {"g": 4.0, "gz": 200.0, "w": 1.0, "x": 10.0, "y": 209.79151003760825}, "datetime": {"datetime": "2019-06-01 20:27:37", "elapsed": 46876.244418, "delta": 4.12267}}
{"target": 1.1576737117041778, "params": {"g": 4.0, "gz": 41.549456331805665, "w": 1.0, "x": 113.91344051116977, "y": 120.0}, "datetime": {"datetime": "2019-06-01 20:36:11", "elapsed": 47390.362029, "delta": 514.117611}}
{"target": 0.0, "params": {"g": 1.0, "gz": 20.0, "w": 5.0, "x": 105.97923153936419, "y": 240.0}, "datetime": {"datetime": "2019-06-01 20:36:15", "elapsed": 47394.516922, "delta": 4.154893}}
{"target": 1.090568674010695, "params": {"g": 1.0, "gz": 138.90552904101196, "w": 1.0, "x": 99.58979930703381, "y": 192.398217787932}, "datetime": {"datetime": "2019-06-01 20:46:03", "elapsed": 47982.608554, "delta": 588.091632}}
{"target": 1.1419786002596743, "params": {"g": 4.0, "gz": 40.76740233257029, "w": 1.0, "x": 85.80514417342172, "y": 161.6022825395929}, "datetime": {"datetime": "2019-06-01 20:54:30", "elapsed": 48489.935553, "delta": 507.326999}}
{"target": 1.044734969956993, "params": {"g": 1.0, "gz": 125.63661022223194, "w": 1.0, "x": 140.0, "y": 207.2717313334773}, "datetime": {"datetime": "2019-06-01 21:05:17", "elapsed": 49136.409202, "delta": 646.473649}}
{"target": 0.0, "params": {"g": 4.0, "gz": 20.0, "w": 5.0, "x": 10.0, "y": 213.1854197522235}, "datetime": {"datetime": "2019-06-01 21:05:21", "elapsed": 49140.889667, "delta": 4.480465}}
{"target": 1.2026260889291138, "params": {"g": 4.0, "gz": 48.46806608617257, "w": 1.0, "x": 32.550785693629614, "y": 120.0}, "datetime": {"datetime": "2019-06-01 21:13:04", "elapsed": 49603.492577, "delta": 462.60291}}
{"target": 0.976771613448523, "params": {"g": 1.0, "gz": 169.91335286498776, "w": 1.0, "x": 140.0, "y": 240.0}, "datetime": {"datetime": "2019-06-01 21:23:45", "elapsed": 50244.002257, "delta": 640.50968}}
{"target": 1.2171853673989528, "params": {"g": 4.0, "gz": 66.10130250920784, "w": 1.0, "x": 60.295634343896324, "y": 120.0}, "datetime": {"datetime": "2019-06-01 21:31:38", "elapsed": 50717.096108, "delta": 473.093851}}
{"target": 1.1890788761524274, "params": {"g": 4.0, "gz": 96.03298311292494, "w": 1.0, "x": 10.0, "y": 171.20255274733393}, "datetime": {"datetime": "2019-06-01 21:39:12", "elapsed": 51171.525381, "delta": 454.429273}}
{"target": 0.0, "params": {"g": 4.0, "gz": 117.93364644701394, "w": 1.0, "x": 140.0, "y": 120.0}, "datetime": {"datetime": "2019-06-01 21:39:16", "elapsed": 51175.955711, "delta": 4.43033}}
{"target": 1.07409392066893, "params": {"g": 1.0, "gz": 116.8967271395206, "w": 1.0, "x": 117.08866515399582, "y": 194.84714290999307}, "datetime": {"datetime": "2019-06-01 21:48:48", "elapsed": 51747.202215, "delta": 571.246504}}
{"target": 1.2057686349176189, "params": {"g": 4.0, "gz": 20.0, "w": 1.0, "x": 10.0, "y": 150.4814041491114}, "datetime": {"datetime": "2019-06-01 21:56:15", "elapsed": 52194.11647, "delta": 446.914255}}
{"target": 1.1833245520020546, "params": {"g": 4.0, "gz": 104.49296645108878, "w": 1.0, "x": 39.51758417118271, "y": 214.75435882290355}, "datetime": {"datetime": "2019-06-01 22:04:06", "elapsed": 52665.48895, "delta": 471.37248}}
{"target": 1.146880243050843, "params": {"g": 1.0, "gz": 126.19994804924863, "w": 5.0, "x": 33.65697344691179, "y": 240.0}, "datetime": {"datetime": "2019-06-01 22:12:31", "elapsed": 53170.390565, "delta": 504.901615}}
{"target": 1.112467429714283, "params": {"g": 1.0, "gz": 99.0960998458496, "w": 1.0, "x": 80.69472560948738, "y": 189.01714204406574}, "datetime": {"datetime": "2019-06-01 22:21:36", "elapsed": 53715.175874, "delta": 544.785309}}
{"target": 1.176046783727682, "params": {"g": 4.0, "gz": 87.70058912922315, "w": 1.0, "x": 10.0, "y": 214.93205048156776}, "datetime": {"datetime": "2019-06-01 22:29:15", "elapsed": 54174.260707, "delta": 459.084833}}
