{"target": 0.0, "params": {"g": 2.1236203565420873, "gz": 191.1285751537849, "w": 3.9279757672456204, "x": 87.82560294561476, "y": 138.7222368530924}, "datetime": {"datetime": "2019-06-01 07:26:20", "elapsed": 0.0, "delta": 0.0}}
{"target": 0.0, "params": {"g": 1.4679835610086078, "gz": 30.455050190275905, "w": 4.46470458309974, "x": 88.14495152661715, "y": 204.96870933552546}, "datetime": {"datetime": "2019-06-01 07:26:20", "elapsed": 0.000395, "delta": 0.000395}}
{"target": 0.0, "params": {"g": 1.0617534828874073, "gz": 194.58377338915898, "w": 4.329770563201687, "x": 37.6040843881759, "y": 141.81899606485206}, "datetime": {"datetime": "2019-06-01 07:26:20", "elapsed": 0.000601, "delta": 0.000206}}
{"target": 1.1818944313260857, "params": {"g": 1.5502135295603015, "gz": 74.76360373271679, "w": 3.0990257265289514, "x": 66.15285242347505, "y": 154.94749682376502}, "datetime": {"datetime": "2019-06-01 07:35:02", "elapsed": 521.941712, "delta": 521.941111}}
{"target": 1.1237774802700586, "params": {"g": 2.8355586841671383, "gz": 45.10889491736753, "w": 2.1685785941408726, "x": 57.62703962817992, "y": 174.72839810604432}, "datetime": {"datetime": "2019-06-01 07:44:07", "elapsed": 1066.834872, "delta": 544.89316}}
{"target": 1.0820744359107537, "params": {"g": 3.3555278841790406, "gz": 55.941280788504756, "w": 3.0569377536544464, "x": 87.01389395206552, "y": 125.57404952639973}, "datetime": {"datetime": "2019-06-01 07:54:17", "elapsed": 1676.637547, "delta": 609.802675}}
{"target": 0.5118423540602599, "params": {"g": 2.8226345557043153, "gz": 50.69434226371247, "w": 1.260206371941118, "x": 133.35511984293333, "y": 235.87584396894712}, "datetime": {"datetime": "2019-06-01 08:05:03", "elapsed": 2322.593485, "delta": 645.955938}}
{"target": 0.592083302313185, "params": {"g": 3.4251920443493833, "gz": 74.83047845120672, "w": 1.3906884560255355, "x": 98.9502934465804, "y": 172.81829924875217}, "datetime": {"datetime": "2019-06-01 08:15:49", "elapsed": 2968.987931, "delta": 646.394446}}
{"target": 1.112681418872064, "params": {"g": 1.3661147045343365, "gz": 109.13184382002864, "w": 1.1375540844608736, "x": 128.21165227024167, "y": 151.05359779200202}, "datetime": {"datetime": "2019-06-01 08:25:04", "elapsed": 3523.867902, "delta": 554.879971}}
{"target": 1.1251979629054416, "params": {"g": 2.9875668530619457, "gz": 76.10799369609397, "w": 3.0802720847112433, "x": 81.07233631462636, "y": 142.18253466306325}, "datetime": {"datetime": "2019-06-01 08:33:43", "elapsed": 4042.404929, "delta": 518.537027}}
{"target": 0.0, "params": {"g": 3.9087538832936755, "gz": 159.52390820500062, "w": 4.757995766256757, "x": 126.32755555559434, "y": 191.7479974573302}, "datetime": {"datetime": "2019-06-01 08:33:43", "elapsed": 4042.405755, "delta": 0.000826}}
{"target": 1.2372865552314296, "params": {"g": 3.7656227050693505, "gz": 35.92865036934551, "w": 1.7839314496765808, "x": 15.879547558369948, "y": 159.03963969159173}, "datetime": {"datetime": "2019-06-01 08:41:45", "elapsed": 4524.672488, "delta": 482.266733}}
{"target": 1.1553037060057707, "params": {"g": 2.166031869068446, "gz": 68.84282571930126, "w": 4.314950036607717, "x": 56.377932470166606, "y": 153.7121411624857}, "datetime": {"datetime": "2019-06-01 08:50:12", "elapsed": 5031.940719, "delta": 507.268231}}
{"target": 1.1639005951970725, "params": {"g": 2.6280882494747453, "gz": 45.36636049545727, "w": 4.208787923016159, "x": 19.691583678370208, "y": 238.42643239206208}, "datetime": {"datetime": "2019-06-01 08:58:15", "elapsed": 5514.953721, "delta": 483.013002}}
{"target": 0.3992991880347935, "params": {"g": 3.3167343078899725, "gz": 55.76882267615103, "w": 1.0220884684944096, "x": 116.00998569912844, "y": 204.82288126171406}, "datetime": {"datetime": "2019-06-01 09:10:08", "elapsed": 6227.68449, "delta": 712.730769}}
{"target": 0.0, "params": {"g": 3.1870215041229617, "gz": 158.82866240347025, "w": 1.2961786069363614, "x": 56.600544710755436, "y": 133.90428714301555}, "datetime": {"datetime": "2019-06-01 09:10:08", "elapsed": 6227.684772, "delta": 0.000282}}
{"target": 1.213020239114838, "params": {"g": 3.5893102776267805, "gz": 132.19366282896044, "w": 2.3235920994105967, "x": 18.26258553718307, "y": 157.31787860587946}, "datetime": {"datetime": "2019-06-01 09:18:37", "elapsed": 6736.137779, "delta": 508.453007}}
{"target": 0.0, "params": {"g": 1.9755499660802411, "gz": 151.32911210085155, "w": 3.5502298854208525, "x": 125.33765653492244, "y": 176.66579101943393}, "datetime": {"datetime": "2019-06-01 09:18:37", "elapsed": 6736.13824, "delta": 0.000461}}
{"target": 1.0817186345207597, "params": {"g": 1.358782737814905, "gz": 148.3840617001391, "w": 4.04314019446759, "x": 82.96603568403451, "y": 212.51606159454732}, "datetime": {"datetime": "2019-06-01 09:28:16", "elapsed": 7315.303769, "delta": 579.165529}}
{"target": 0.0, "params": {"g": 2.4813867890931722, "gz": 114.09190928875893, "w": 2.7101640734341985, "x": 13.304486476732375, "y": 132.94697123919653}, "datetime": {"datetime": "2019-06-01 09:28:16", "elapsed": 7315.304311, "delta": 0.000542}}
{"target": 1.0729828879453391, "params": {"g": 1.0942875570602029, "gz": 134.55387402748048, "w": 2.2574239243053067, "x": 76.11418985141135, "y": 228.90797687113115}, "datetime": {"datetime": "2019-06-01 09:37:39", "elapsed": 7878.221628, "delta": 562.917317}}
{"target": 0.0, "params": {"g": 1.7478766874466247, "gz": 93.86892614641336, "w": 4.022204554172195, "x": 39.74376151391092, "y": 129.23758917945517}, "datetime": {"datetime": "2019-06-01 09:37:39", "elapsed": 7878.221899, "delta": 0.000271}}
{"target": 1.0761298571364848, "params": {"g": 1.869254358741304, "gz": 49.0198317057208, "w": 4.718790609370292, "x": 115.0556493433742, "y": 196.00845078125081}, "datetime": {"datetime": "2019-06-01 09:47:24", "elapsed": 8463.931154, "delta": 585.709255}}
{"target": 0.5701648655211797, "params": {"g": 3.614381770563153, "gz": 164.66097384184062, "w": 1.7462802355441434, "x": 126.0326698036971, "y": 184.7210690298781}, "datetime": {"datetime": "2019-06-01 09:59:57", "elapsed": 9216.772979, "delta": 752.841825}}
{"target": 0.0, "params": {"g": 3.4223204654921875, "gz": 181.29643398622878, "w": 2.2720138998874555, "x": 24.30675018859798, "y": 147.352219505033}, "datetime": {"datetime": "2019-06-01 09:59:57", "elapsed": 9216.773252, "delta": 0.000273}}
{"target": 0.0, "params": {"g": 2.281323365878769, "gz": 167.24265786604877, "w": 4.442922333025374, "x": 10.90377696905479, "y": 181.28967630930788}, "datetime": {"datetime": "2019-06-01 09:59:57", "elapsed": 9216.773474, "delta": 0.000222}}
{"target": 1.0582850481670085, "params": {"g": 2.252233009446337, "gz": 59.97940588473144, "w": 1.4794614693347312, "x": 53.88997228247163, "y": 233.1491644695023}, "datetime": {"datetime": "2019-06-01 10:08:34", "elapsed": 9733.410469, "delta": 516.636995}}
{"target": 1.0884140538028984, "params": {"g": 1.9696087960622657, "gz": 113.38231191380589, "w": 3.8120758355807114, "x": 57.27184830930822, "y": 236.6138499265153}, "datetime": {"datetime": "2019-06-01 10:17:15", "elapsed": 10254.041098, "delta": 520.630629}}
{"target": 1.1167686944557131, "params": {"g": 3.8873418848263337, "gz": 65.32081324856554, "w": 2.988994023569542, "x": 49.11418027618006, "y": 154.18085932529613}, "datetime": {"datetime": "2019-06-01 10:26:03", "elapsed": 10782.700784, "delta": 528.659686}}
{"target": 0.0, "params": {"g": 1.1106608420635984, "gz": 129.72158011638143, "w": 3.010716092915446, "x": 16.692237662498616, "y": 153.43757570839338}, "datetime": {"datetime": "2019-06-01 10:26:03", "elapsed": 10782.701064, "delta": 0.00028}}
{"target": 0.5432324759446585, "params": {"g": 3.724797657899961, "gz": 63.121140320055034, "w": 1.5795794883648924, "x": 73.6288588360832, "y": 238.27805449327207}, "datetime": {"datetime": "2019-06-01 10:36:33", "elapsed": 11412.172965, "delta": 629.471901}}
{"target": 1.1845566332635893, "params": {"g": 1.7261658145345011, "gz": 140.98439853305814, "w": 4.04647846131487, "x": 40.892880719011956, "y": 207.38596183342315}, "datetime": {"datetime": "2019-06-01 10:44:49", "elapsed": 11908.606128, "delta": 496.433163}}
{"target": 0.0, "params": {"g": 2.10334939815776, "gz": 133.8150495068443, "w": 3.534118843043579, "x": 79.6507089297186, "y": 130.834772406529}, "datetime": {"datetime": "2019-06-01 10:44:49", "elapsed": 11908.606411, "delta": 0.000283}}
{"target": 1.2177570328937761, "params": {"g": 3.505907486767714, "gz": 77.74041169491245, "w": 1.746074041599417, "x": 15.30076840211931, "y": 190.907153182589}, "datetime": {"datetime": "2019-06-01 10:52:48", "elapsed": 12387.721921, "delta": 479.11551}}
{"target": 0.0, "params": {"g": 3.032693085526847, "gz": 22.985809207014107, "w": 3.048372233197124, "x": 39.44445077573194, "y": 197.42073484913396}, "datetime": {"datetime": "2019-06-01 10:52:48", "elapsed": 12387.722204, "delta": 0.000283}}
{"target": 0.0, "params": {"g": 1.5230992870149742, "gz": 144.36879285844387, "w": 2.5469413852021496, "x": 131.7748985357755, "y": 136.5025132975192}, "datetime": {"datetime": "2019-06-01 10:52:48", "elapsed": 12387.722439, "delta": 0.000235}}
{"target": 0.0, "params": {"g": 2.0231990531507753, "gz": 40.42523382330603, "w": 4.698774473114251, "x": 124.05411593952753, "y": 150.95299532581868}, "datetime": {"datetime": "2019-06-01 10:52:48", "elapsed": 12387.722674, "delta": 0.000235}}
{"target": 0.0, "params": {"g": 2.9799521381025373, "gz": 167.09999603621884, "w": 3.2208032463978493, "x": 78.85457518628084, "y": 149.02227490805421}, "datetime": {"datetime": "2019-06-01 10:52:48", "elapsed": 12387.7229, "delta": 0.000226}}
{"target": 0.0, "params": {"g": 1.2793083034176975, "gz": 181.49883643159882, "w": 4.601672228653322, "x": 92.30318944552484, "y": 160.68357492584408}, "datetime": {"datetime": "2019-06-01 10:52:48", "elapsed": 12387.723126, "delta": 0.000226}}
{"target": 0.7163206323539285, "params": {"g": 2.047628723837983, "gz": 150.6720221966431, "w": 4.588441039810308, "x": 125.32123515446526, "y": 213.58506550291486}, "datetime": {"datetime": "2019-06-01 11:02:39", "elapsed": 12978.03745, "delta": 590.314324}}
{"target": 0.8886819727605266, "params": {"g": 2.9260949384628634, "gz": 35.14519369910879, "w": 1.646514856378455, "x": 126.8120445085203, "y": 192.7714871591508}, "datetime": {"datetime": "2019-06-01 11:12:12", "elapsed": 13551.176478, "delta": 573.139028}}
{"target": 1.1910106848373636, "params": {"g": 1.027591154849889, "gz": 38.264877715885774, "w": 3.6540070764322232, "x": 10.65800590000843, "y": 139.29696617009984}, "datetime": {"datetime": "2019-06-01 11:19:39", "elapsed": 13998.722602, "delta": 447.546124}}
{"target": 1.1358031487653633, "params": {"g": 2.6462013680997583, "gz": 144.54113558468478, "w": 3.607845038010402, "x": 39.15501022987277, "y": 205.4615065617043}, "datetime": {"datetime": "2019-06-01 11:27:52", "elapsed": 14491.276418, "delta": 492.553816}}
{"target": 1.0633527916975267, "params": {"g": 1.7117472624904002, "gz": 78.57194566866819, "w": 3.9859656204720966, "x": 94.4522768761379, "y": 221.90680925930135}, "datetime": {"datetime": "2019-06-01 11:37:07", "elapsed": 15046.25302, "delta": 554.976602}}
{"target": 1.1377117885442312, "params": {"g": 2.97283867690103, "gz": 122.29554860038489, "w": 1.37469907131237, "x": 57.803054397726356, "y": 151.82428412180707}, "datetime": {"datetime": "2019-06-01 11:45:30", "elapsed": 15549.154294, "delta": 502.901274}}
{"target": 0.0, "params": {"g": 1.7319689301372507, "gz": 195.14189985544022, "w": 2.5723908986670416, "x": 125.96605217302472, "y": 195.73663511967155}, "datetime": {"datetime": "2019-06-01 11:45:30", "elapsed": 15549.154594, "delta": 0.0003}}
{"target": 0.0, "params": {"g": 3.3844339106249453, "gz": 110.47467675893458, "w": 3.3076155385054364, "x": 74.0273001964523, "y": 143.42915853576534}, "datetime": {"datetime": "2019-06-01 11:45:30", "elapsed": 15549.154835, "delta": 0.000241}}
{"target": 0.9974490157709711, "params": {"g": 3.167356345784516, "gz": 70.53902523935405, "w": 1.0972638657258154, "x": 93.91139846793182, "y": 141.2532815288459}, "datetime": {"datetime": "2019-06-01 11:56:02", "elapsed": 16181.040741, "delta": 631.885906}}
{"target": 0.0, "params": {"g": 3.821375753058743, "gz": 191.70714386046572, "w": 4.659457560881794, "x": 58.12063103320777, "y": 121.85479398346409}, "datetime": {"datetime": "2019-06-01 11:56:02", "elapsed": 16181.041337, "delta": 0.000596}}
{"target": 0.25928414431345, "params": {"g": 3.7849556877631763, "gz": 97.07314669711658, "w": 4.866619276174678, "x": 135.27059702160287, "y": 222.3611346560832}, "datetime": {"datetime": "2019-06-01 12:09:28", "elapsed": 16987.190343, "delta": 806.149006}}
{"target": 1.2097947997032519, "params": {"g": 1.883346676208757, "gz": 89.31759114834655, "w": 4.404546686067428, "x": 51.1998606703161, "y": 140.3391296023311}, "datetime": {"datetime": "2019-06-01 12:20:00", "elapsed": 17619.715446, "delta": 632.525103}}
{"target": 0.0, "params": {"g": 2.6704037873750504, "gz": 188.50785934894057, "w": 3.784119186699892, "x": 84.10795211161745, "y": 131.66117925249222}, "datetime": {"datetime": "2019-06-01 12:20:00", "elapsed": 17619.715883, "delta": 0.000437}}
{"target": 1.0247793109120034, "params": {"g": 2.845021680097509, "gz": 198.20969301876738, "w": 1.5603360609460961, "x": 77.38285480728578, "y": 225.28476863135467}, "datetime": {"datetime": "2019-06-01 12:31:32", "elapsed": 18311.662196, "delta": 691.946313}}
{"target": 0.0, "params": {"g": 3.2223058532626134, "gz": 145.46283337914824, "w": 3.809936335948437, "x": 56.733849658568175, "y": 155.2310213117392}, "datetime": {"datetime": "2019-06-01 12:31:32", "elapsed": 18311.662506, "delta": 0.00031}}
{"target": 0.0, "params": {"g": 3.428083466435541, "gz": 165.82041104225254, "w": 4.468289274320415, "x": 128.72127183234127, "y": 181.36108786331255}, "datetime": {"datetime": "2019-06-01 12:31:32", "elapsed": 18311.662761, "delta": 0.000255}}
{"target": 0.9793294555796253, "params": {"g": 2.504548884061599, "gz": 163.69313221401953, "w": 3.5998557231110606, "x": 101.25569404350144, "y": 215.49512033233214}, "datetime": {"datetime": "2019-06-01 12:43:24", "elapsed": 19023.048641, "delta": 711.38588}}
{"target": 1.1888297774192471, "params": {"g": 3.670016025452699, "gz": 80.83912823327645, "w": 2.502331810559776, "x": 22.21765217931297, "y": 189.39361691954088}, "datetime": {"datetime": "2019-06-01 12:53:41", "elapsed": 19640.896677, "delta": 617.848036}}
{"target": 1.1835690524844422, "params": {"g": 1.1078268213902263, "gz": 103.80764326384283, "w": 3.1705785388303065, "x": 47.25036277667697, "y": 190.8999912682813}, "datetime": {"datetime": "2019-06-01 13:04:42", "elapsed": 20301.269475, "delta": 660.372798}}
{"target": 0.0, "params": {"g": 1.0915007498171483, "gz": 26.722673974858594, "w": 4.290402242638633, "x": 56.82478338346417, "y": 135.24726151822617}, "datetime": {"datetime": "2019-06-01 13:04:42", "elapsed": 20301.269931, "delta": 0.000456}}
{"target": 0.0, "params": {"g": 2.566729780164413, "gz": 158.59883955774995, "w": 1.8632841099873727, "x": 90.97576185647003, "y": 130.24169579925217}, "datetime": {"datetime": "2019-06-01 13:04:42", "elapsed": 20301.270203, "delta": 0.000272}}
{"target": 1.0838942247780063, "params": {"g": 1.155045163505823, "gz": 115.64383368226665, "w": 3.162540486440426, "x": 92.86588719476686, "y": 207.1309600467194}, "datetime": {"datetime": "2019-06-01 13:17:54", "elapsed": 21093.971043, "delta": 792.70084}}
{"target": 0.5866684851581687, "params": {"g": 3.927556238387604, "gz": 112.93406269421516, "w": 2.291825891764984, "x": 113.37420531993148, "y": 152.4998701514489}, "datetime": {"datetime": "2019-06-01 13:29:01", "elapsed": 21760.723357, "delta": 666.752314}}
{"target": 0.5569869046218944, "params": {"g": 2.3169142621169083, "gz": 34.12214864160787, "w": 1.10140297366183, "x": 135.14429390813024, "y": 220.3176144614647}, "datetime": {"datetime": "2019-06-01 13:39:14", "elapsed": 22373.168956, "delta": 612.445599}}
{"target": 1.1633576834630146, "params": {"g": 3.0879226182810937, "gz": 93.61152999456858, "w": 1.693177280283383, "x": 30.336815547241187, "y": 150.02914777975144}, "datetime": {"datetime": "2019-06-01 13:47:35", "elapsed": 22874.78052, "delta": 501.611564}}
{"target": 1.0621452137387375, "params": {"g": 2.6476799941183615, "gz": 148.62726608601122, "w": 3.640789506870925, "x": 46.391406602972566, "y": 234.58383367958328}, "datetime": {"datetime": "2019-06-01 13:56:11", "elapsed": 23390.352813, "delta": 515.572293}}
{"target": 0.0, "params": {"g": 3.2136907500873058, "gz": 119.78372945205213, "w": 3.446882984937409, "x": 64.54800811561269, "y": 149.7277187401389}, "datetime": {"datetime": "2019-06-01 13:56:11", "elapsed": 23390.353175, "delta": 0.000362}}
{"target": 0.0, "params": {"g": 2.0679180359537845, "gz": 156.41229988358643, "w": 1.0575739545190235, "x": 25.08944326589911, "y": 125.52031704261033}, "datetime": {"datetime": "2019-06-01 13:56:11", "elapsed": 23390.353439, "delta": 0.000264}}
{"target": 0.0, "params": {"g": 1.1221864069569105, "gz": 173.9829051219813, "w": 3.8146314375200947, "x": 71.64259778135226, "y": 131.74009927812017}, "datetime": {"datetime": "2019-06-01 13:56:11", "elapsed": 23390.353696, "delta": 0.000257}}
{"target": 1.1152545913287941, "params": {"g": 2.474847625350497, "gz": 105.22491874050182, "w": 1.6928074796400607, "x": 66.4007144009365, "y": 167.82056812768482}, "datetime": {"datetime": "2019-06-01 14:04:41", "elapsed": 23900.229792, "delta": 509.876096}}
{"target": 1.1050507208863738, "params": {"g": 2.8475502941566493, "gz": 134.3168571561759, "w": 1.181216039088178, "x": 58.69963990144126, "y": 195.10318988570836}, "datetime": {"datetime": "2019-06-01 14:13:11", "elapsed": 24410.421798, "delta": 510.192006}}
{"target": 0.0, "params": {"g": 2.509408775740263, "gz": 174.16817141389802, "w": 3.63477452647578, "x": 31.18147552058586, "y": 128.46824968805157}, "datetime": {"datetime": "2019-06-01 14:13:11", "elapsed": 24410.422117, "delta": 0.000319}}
{"target": 0.0, "params": {"g": 2.927257834618947, "gz": 24.772035897491925, "w": 3.343102325093853, "x": 132.22993138524447, "y": 189.05690134510547}, "datetime": {"datetime": "2019-06-01 14:13:11", "elapsed": 24410.422388, "delta": 0.000271}}
{"target": 1.0421229476803975, "params": {"g": 2.164509778619566, "gz": 135.79187931962358, "w": 2.8330115619660665, "x": 80.93018261107154, "y": 232.97577705318304}, "datetime": {"datetime": "2019-06-01 14:22:22", "elapsed": 24961.212313, "delta": 550.789925}}
{"target": 0.0, "params": {"g": 2.158307913402323, "gz": 193.01430148830457, "w": 4.621402567824255, "x": 35.452847522608536, "y": 128.32335610501985}, "datetime": {"datetime": "2019-06-01 14:22:22", "elapsed": 24961.212635, "delta": 0.000322}}
{"target": 1.1611194319651261, "params": {"g": 1.30233400413228, "gz": 23.27992861727895, "w": 1.3777718430237136, "x": 98.7908805441264, "y": 128.54263781522747}, "datetime": {"datetime": "2019-06-01 14:30:49", "elapsed": 25468.852173, "delta": 507.639538}}
{"target": 0.0, "params": {"g": 1.956926890881284, "gz": 172.07755597450182, "w": 1.0930877429433035, "x": 115.88090273656165, "y": 153.822572972808}, "datetime": {"datetime": "2019-06-01 14:30:49", "elapsed": 25468.852503, "delta": 0.00033}}
{"target": 1.0624953515739548, "params": {"g": 1.3544944828649688, "gz": 145.4126897655471, "w": 3.515771387119536, "x": 124.07136175851689, "y": 208.2085252564663}, "datetime": {"datetime": "2019-06-01 14:40:24", "elapsed": 26043.794642, "delta": 574.942139}}
{"target": 0.405851030803671, "params": {"g": 3.4104427911545456, "gz": 70.76622306283517, "w": 1.7097581751188913, "x": 107.57991771331159, "y": 216.82016871207168}, "datetime": {"datetime": "2019-06-01 14:51:51", "elapsed": 26730.105907, "delta": 686.311265}}
{"target": 0.5484182857181182, "params": {"g": 3.97151542600202, "gz": 94.27118184405677, "w": 2.4880723431711327, "x": 110.9336848964596, "y": 160.89642483036215}, "datetime": {"datetime": "2019-06-01 15:02:16", "elapsed": 27355.819599, "delta": 625.713692}}
{"target": 0.3994470651868185, "params": {"g": 3.792271976810694, "gz": 174.51429533174212, "w": 2.7159761095000734, "x": 107.61323881289466, "y": 210.54514489016188}, "datetime": {"datetime": "2019-06-01 15:13:38", "elapsed": 28037.291862, "delta": 681.472263}}
{"target": 1.202728252984011, "params": {"g": 4.0, "gz": 127.8635054141324, "w": 1.0, "x": 32.81617005456488, "y": 172.77646760573296}, "datetime": {"datetime": "2019-06-01 15:21:15", "elapsed": 28494.600814, "delta": 457.308952}}
{"target": 1.18923470868798, "params": {"g": 4.0, "gz": 136.82057849177843, "w": 1.0, "x": 11.181266367949114, "y": 174.5068072971052}, "datetime": {"datetime": "2019-06-01 15:28:38", "elapsed": 28937.906951, "delta": 443.306137}}
{"target": 1.206092957402665, "params": {"g": 4.0, "gz": 105.96772264827692, "w": 1.0, "x": 45.01357402591037, "y": 162.12292817857917}, "datetime": {"datetime": "2019-06-01 15:36:21", "elapsed": 29400.180562, "delta": 462.273611}}
{"target": 1.1946784048325196, "params": {"g": 4.0, "gz": 66.75056354700807, "w": 1.0, "x": 10.321101278442567, "y": 160.03437440659087}, "datetime": {"datetime": "2019-06-01 15:43:43", "elapsed": 29842.112293, "delta": 441.931731}}
{"target": 1.1243791312169895, "params": {"g": 1.0, "gz": 80.24638381822564, "w": 1.0, "x": 64.25383811133999, "y": 200.58827742313147}, "datetime": {"datetime": "2019-06-01 15:52:20", "elapsed": 30359.778238, "delta": 517.665945}}
{"target": 1.1825345870566675, "params": {"g": 1.0808288171812495, "gz": 81.81596946961075, "w": 3.064158625733449, "x": 27.501054842234733, "y": 225.53861680934472}, "datetime": {"datetime": "2019-06-01 16:00:22", "elapsed": 30841.909064, "delta": 482.130826}}
{"target": 1.1808471231668918, "params": {"g": 4.0, "gz": 116.83106533145789, "w": 1.0, "x": 19.591815575892028, "y": 226.19183755569676}, "datetime": {"datetime": "2019-06-01 16:07:56", "elapsed": 31295.136945, "delta": 453.227881}}
