{"target": 1.490870814863947, "params": {"g": 2.1236203565420873, "gz": 191.1285751537849, "w": 3.9279757672456204, "x": 87.82560294561476, "y": 138.7222368530924}, "datetime": {"datetime": "2019-06-04 21:41:26", "elapsed": 0.0, "delta": 0.0}}
{"target": 1.4621446391754391, "params": {"g": 1.4679835610086078, "gz": 30.455050190275905, "w": 4.46470458309974, "x": 88.14495152661715, "y": 204.96870933552546}, "datetime": {"datetime": "2019-06-04 21:50:38", "elapsed": 551.949344, "delta": 551.949344}}
{"target": 1.5004123766977693, "params": {"g": 1.0617534828874073, "gz": 194.58377338915898, "w": 4.329770563201687, "x": 37.6040843881759, "y": 141.81899606485206}, "datetime": {"datetime": "2019-06-04 21:58:42", "elapsed": 1036.191347, "delta": 484.242003}}
{"target": 1.4813215652052154, "params": {"g": 1.5502135295603015, "gz": 74.76360373271679, "w": 3.0990257265289514, "x": 66.15285242347505, "y": 154.94749682376502}, "datetime": {"datetime": "2019-06-04 22:07:07", "elapsed": 1540.628227, "delta": 504.43688}}
{"target": 1.485452435086641, "params": {"g": 2.8355586841671383, "gz": 45.10889491736753, "w": 2.1685785941408726, "x": 57.62703962817992, "y": 174.72839810604432}, "datetime": {"datetime": "2019-06-04 22:15:33", "elapsed": 2047.153573, "delta": 506.525346}}
{"target": 1.5035055565274869, "params": {"g": 3.3555278841790406, "gz": 55.941280788504756, "w": 3.0569377536544464, "x": 87.01389395206552, "y": 125.57404952639973}, "datetime": {"datetime": "2019-06-04 22:25:02", "elapsed": 2615.954249, "delta": 568.800676}}
{"target": 0.9919487173009688, "params": {"g": 2.8226345557043153, "gz": 50.69434226371247, "w": 1.260206371941118, "x": 133.35511984293333, "y": 235.87584396894712}, "datetime": {"datetime": "2019-06-04 22:35:36", "elapsed": 3249.746187, "delta": 633.791938}}
{"target": 1.0793092756023186, "params": {"g": 3.4251920443493833, "gz": 74.83047845120672, "w": 1.3906884560255355, "x": 98.9502934465804, "y": 172.81829924875217}, "datetime": {"datetime": "2019-06-04 22:45:59", "elapsed": 3872.56093, "delta": 622.814743}}
{"target": 1.472695341125978, "params": {"g": 1.3661147045343365, "gz": 109.13184382002864, "w": 1.1375540844608736, "x": 128.21165227024167, "y": 151.05359779200202}, "datetime": {"datetime": "2019-06-04 22:55:01", "elapsed": 4415.031557, "delta": 542.470627}}
{"target": 1.4891002741667156, "params": {"g": 2.9875668530619457, "gz": 76.10799369609397, "w": 3.0802720847112433, "x": 81.07233631462636, "y": 142.18253466306325}, "datetime": {"datetime": "2019-06-04 23:03:30", "elapsed": 4923.541067, "delta": 508.50951}}
{"target": 0.7069065031069062, "params": {"g": 3.9087538832936755, "gz": 159.52390820500062, "w": 4.757995766256757, "x": 126.32755555559434, "y": 191.7479974573302}, "datetime": {"datetime": "2019-06-04 23:15:12", "elapsed": 5625.947927, "delta": 702.40686}}
{"target": 1.5101262945376794, "params": {"g": 3.7656227050693505, "gz": 35.92865036934551, "w": 1.7839314496765808, "x": 15.879547558369948, "y": 159.03963969159173}, "datetime": {"datetime": "2019-06-04 23:23:06", "elapsed": 6099.676311, "delta": 473.728384}}
{"target": 1.4932953607012676, "params": {"g": 2.166031869068446, "gz": 68.84282571930126, "w": 4.314950036607717, "x": 56.377932470166606, "y": 153.7121411624857}, "datetime": {"datetime": "2019-06-04 23:31:20", "elapsed": 6593.504011, "delta": 493.8277}}
{"target": 1.4984635113009936, "params": {"g": 2.6280882494747453, "gz": 45.36636049545727, "w": 4.208787923016159, "x": 19.691583678370208, "y": 238.42643239206208}, "datetime": {"datetime": "2019-06-04 23:39:12", "elapsed": 7065.727821, "delta": 472.22381}}
{"target": 0.8004719587381923, "params": {"g": 3.3167343078899725, "gz": 55.76882267615103, "w": 1.0220884684944096, "x": 116.00998569912844, "y": 204.82288126171406}, "datetime": {"datetime": "2019-06-04 23:50:46", "elapsed": 7759.625239, "delta": 693.897418}}
{"target": 1.5539775262513151, "params": {"g": 3.1870215041229617, "gz": 158.82866240347025, "w": 1.2961786069363614, "x": 56.600544710755436, "y": 133.90428714301555}, "datetime": {"datetime": "2019-06-05 00:01:08", "elapsed": 8381.515165, "delta": 621.889926}}
{"target": 1.5190091531152097, "params": {"g": 3.5893102776267805, "gz": 132.19366282896044, "w": 2.3235920994105967, "x": 18.26258553718307, "y": 157.31787860587946}, "datetime": {"datetime": "2019-06-05 00:09:06", "elapsed": 8859.935297, "delta": 478.420132}}
{"target": 1.4721681540257303, "params": {"g": 1.9755499660802411, "gz": 151.32911210085155, "w": 3.5502298854208525, "x": 125.33765653492244, "y": 176.66579101943393}, "datetime": {"datetime": "2019-06-05 00:18:25", "elapsed": 9418.462972, "delta": 558.527675}}
{"target": 1.441728820941931, "params": {"g": 1.358782737814905, "gz": 148.3840617001391, "w": 4.04314019446759, "x": 82.96603568403451, "y": 212.51606159454732}, "datetime": {"datetime": "2019-06-05 00:27:24", "elapsed": 9957.467495, "delta": 539.004523}}
{"target": 1.4495967586069094, "params": {"g": 2.4813867890931722, "gz": 114.09190928875893, "w": 2.7101640734341985, "x": 13.304486476732375, "y": 132.94697123919653}, "datetime": {"datetime": "2019-06-05 00:34:54", "elapsed": 10407.610935, "delta": 450.14344}}
{"target": 1.440933694866672, "params": {"g": 1.0942875570602029, "gz": 134.55387402748048, "w": 2.2574239243053067, "x": 76.11418985141135, "y": 228.90797687113115}, "datetime": {"datetime": "2019-06-05 00:43:53", "elapsed": 10947.012052, "delta": 539.401117}}
{"target": 1.4769292860432939, "params": {"g": 1.7478766874466247, "gz": 93.86892614641336, "w": 4.022204554172195, "x": 39.74376151391092, "y": 129.23758917945517}, "datetime": {"datetime": "2019-06-05 00:51:48", "elapsed": 11421.694823, "delta": 474.682771}}
{"target": 1.4960189500945473, "params": {"g": 1.869254358741304, "gz": 49.0198317057208, "w": 4.718790609370292, "x": 115.0556493433742, "y": 196.00845078125081}, "datetime": {"datetime": "2019-06-05 01:01:07", "elapsed": 11981.322049, "delta": 559.627226}}
{"target": 1.1431602102349874, "params": {"g": 3.614381770563153, "gz": 164.66097384184062, "w": 1.7462802355441434, "x": 126.0326698036971, "y": 184.7210690298781}, "datetime": {"datetime": "2019-06-05 01:13:39", "elapsed": 12732.731887, "delta": 751.409838}}
{"target": 1.52144952076142, "params": {"g": 3.4223204654921875, "gz": 181.29643398622878, "w": 2.2720138998874555, "x": 24.30675018859798, "y": 147.352219505033}, "datetime": {"datetime": "2019-06-05 01:21:44", "elapsed": 13218.253824, "delta": 485.521937}}
{"target": 1.4543722685676173, "params": {"g": 2.281323365878769, "gz": 167.24265786604877, "w": 4.442922333025374, "x": 10.90377696905479, "y": 181.28967630930788}, "datetime": {"datetime": "2019-06-05 01:29:17", "elapsed": 13670.792088, "delta": 452.538264}}
{"target": 1.4495087079136324, "params": {"g": 2.252233009446337, "gz": 59.97940588473144, "w": 1.4794614693347312, "x": 53.88997228247163, "y": 233.1491644695023}, "datetime": {"datetime": "2019-06-05 01:37:56", "elapsed": 14190.237244, "delta": 519.445156}}
{"target": 1.4339116670299705, "params": {"g": 1.9696087960622657, "gz": 113.38231191380589, "w": 3.8120758355807114, "x": 57.27184830930822, "y": 236.6138499265153}, "datetime": {"datetime": "2019-06-05 01:46:37", "elapsed": 14711.338688, "delta": 521.101444}}
{"target": 1.4941862678698319, "params": {"g": 3.8873418848263337, "gz": 65.32081324856554, "w": 2.988994023569542, "x": 49.11418027618006, "y": 154.18085932529613}, "datetime": {"datetime": "2019-06-05 01:55:25", "elapsed": 15238.426833, "delta": 527.088145}}
{"target": 1.4443840613702252, "params": {"g": 1.1106608420635984, "gz": 129.72158011638143, "w": 3.010716092915446, "x": 16.692237662498616, "y": 153.43757570839338}, "datetime": {"datetime": "2019-06-05 02:03:00", "elapsed": 15693.756704, "delta": 455.329871}}
{"target": 1.0222581779134639, "params": {"g": 3.724797657899961, "gz": 63.121140320055034, "w": 1.5795794883648924, "x": 73.6288588360832, "y": 238.27805449327207}, "datetime": {"datetime": "2019-06-05 02:13:27", "elapsed": 16320.545899, "delta": 626.789195}}
{"target": 1.4862450149986195, "params": {"g": 1.7261658145345011, "gz": 140.98439853305814, "w": 4.04647846131487, "x": 40.892880719011956, "y": 207.38596183342315}, "datetime": {"datetime": "2019-06-05 02:21:42", "elapsed": 16815.794213, "delta": 495.248314}}
{"target": 1.4847127013968486, "params": {"g": 2.10334939815776, "gz": 133.8150495068443, "w": 3.534118843043579, "x": 79.6507089297186, "y": 130.834772406529}, "datetime": {"datetime": "2019-06-05 02:30:05", "elapsed": 17318.485866, "delta": 502.691653}}
{"target": 1.5290427477349833, "params": {"g": 3.505907486767714, "gz": 77.74041169491245, "w": 1.746074041599417, "x": 15.30076840211931, "y": 190.907153182589}, "datetime": {"datetime": "2019-06-05 02:38:04", "elapsed": 17798.249444, "delta": 479.763578}}
{"target": 1.4863942542874136, "params": {"g": 3.032693085526847, "gz": 22.985809207014107, "w": 3.048372233197124, "x": 39.44445077573194, "y": 197.42073484913396}, "datetime": {"datetime": "2019-06-05 02:46:53", "elapsed": 18326.547348, "delta": 528.297904}}
{"target": 1.480894530523953, "params": {"g": 1.5230992870149742, "gz": 144.36879285844387, "w": 2.5469413852021496, "x": 131.7748985357755, "y": 136.5025132975192}, "datetime": {"datetime": "2019-06-05 02:55:49", "elapsed": 18862.892638, "delta": 536.34529}}
{"target": 1.4958934481798192, "params": {"g": 2.0231990531507753, "gz": 40.42523382330603, "w": 4.698774473114251, "x": 124.05411593952753, "y": 150.95299532581868}, "datetime": {"datetime": "2019-06-05 03:04:56", "elapsed": 19410.022275, "delta": 547.129637}}
{"target": 1.4827956060249656, "params": {"g": 2.9799521381025373, "gz": 167.09999603621884, "w": 3.2208032463978493, "x": 78.85457518628084, "y": 149.02227490805421}, "datetime": {"datetime": "2019-06-05 03:13:28", "elapsed": 19922.270314, "delta": 512.248039}}
{"target": 1.478323350229886, "params": {"g": 1.2793083034176975, "gz": 181.49883643159882, "w": 4.601672228653322, "x": 92.30318944552484, "y": 160.68357492584408}, "datetime": {"datetime": "2019-06-05 03:22:11", "elapsed": 20444.471827, "delta": 522.201513}}
{"target": 1.2200121309586132, "params": {"g": 2.047628723837983, "gz": 150.6720221966431, "w": 4.588441039810308, "x": 125.32123515446526, "y": 213.58506550291486}, "datetime": {"datetime": "2019-06-05 03:32:03", "elapsed": 21037.006966, "delta": 592.535139}}
{"target": 1.3739228675434891, "params": {"g": 2.9260949384628634, "gz": 35.14519369910879, "w": 1.646514856378455, "x": 126.8120445085203, "y": 192.7714871591508}, "datetime": {"datetime": "2019-06-05 03:41:37", "elapsed": 21610.909179, "delta": 573.902213}}
{"target": 1.4169243071956399, "params": {"g": 1.027591154849889, "gz": 38.264877715885774, "w": 3.6540070764322232, "x": 10.65800590000843, "y": 139.29696617009984}, "datetime": {"datetime": "2019-06-05 03:49:05", "elapsed": 22059.074737, "delta": 448.165558}}
{"target": 1.4711118997066346, "params": {"g": 2.6462013680997583, "gz": 144.54113558468478, "w": 3.607845038010402, "x": 39.15501022987277, "y": 205.4615065617043}, "datetime": {"datetime": "2019-06-05 03:57:19", "elapsed": 22553.382862, "delta": 494.308125}}
{"target": 1.4560172083531393, "params": {"g": 1.7117472624904002, "gz": 78.57194566866819, "w": 3.9859656204720966, "x": 94.4522768761379, "y": 221.90680925930135}, "datetime": {"datetime": "2019-06-05 04:06:35", "elapsed": 23108.518784, "delta": 555.135922}}
{"target": 1.4870355387177803, "params": {"g": 2.97283867690103, "gz": 122.29554860038489, "w": 1.37469907131237, "x": 57.803054397726356, "y": 151.82428412180707}, "datetime": {"datetime": "2019-06-05 04:14:49", "elapsed": 23603.199058, "delta": 494.680274}}
{"target": 1.4781841619214542, "params": {"g": 1.7319689301372507, "gz": 195.14189985544022, "w": 2.5723908986670416, "x": 125.96605217302472, "y": 195.73663511967155}, "datetime": {"datetime": "2019-06-05 04:24:20", "elapsed": 24173.926644, "delta": 570.727586}}
{"target": 1.5090729782413046, "params": {"g": 3.3844339106249453, "gz": 110.47467675893458, "w": 3.3076155385054364, "x": 74.0273001964523, "y": 143.42915853576534}, "datetime": {"datetime": "2019-06-05 04:33:34", "elapsed": 24727.670419, "delta": 553.743775}}
{"target": 1.4643003446167873, "params": {"g": 3.167356345784516, "gz": 70.53902523935405, "w": 1.0972638657258154, "x": 93.91139846793182, "y": 141.2532815288459}, "datetime": {"datetime": "2019-06-05 04:43:13", "elapsed": 25306.631155, "delta": 578.960736}}
{"target": 1.5077138619939592, "params": {"g": 3.821375753058743, "gz": 191.70714386046572, "w": 4.659457560881794, "x": 58.12063103320777, "y": 121.85479398346409}, "datetime": {"datetime": "2019-06-05 04:51:52", "elapsed": 25826.214458, "delta": 519.583303}}
{"target": 0.5139888614259955, "params": {"g": 3.7849556877631763, "gz": 97.07314669711658, "w": 4.866619276174678, "x": 135.27059702160287, "y": 222.3611346560832}, "datetime": {"datetime": "2019-06-05 05:04:19", "elapsed": 26572.56938, "delta": 746.354922}}
{"target": 1.4925760149627638, "params": {"g": 1.883346676208757, "gz": 89.31759114834655, "w": 4.404546686067428, "x": 51.1998606703161, "y": 140.3391296023311}, "datetime": {"datetime": "2019-06-05 05:12:25", "elapsed": 27059.279656, "delta": 486.710276}}
{"target": 1.497489675030527, "params": {"g": 2.6704037873750504, "gz": 188.50785934894057, "w": 3.784119186699892, "x": 84.10795211161745, "y": 131.66117925249222}, "datetime": {"datetime": "2019-06-05 05:20:52", "elapsed": 27565.874682, "delta": 506.595026}}
{"target": 1.4561293162289244, "params": {"g": 2.845021680097509, "gz": 198.20969301876738, "w": 1.5603360609460961, "x": 77.38285480728578, "y": 225.28476863135467}, "datetime": {"datetime": "2019-06-05 05:29:56", "elapsed": 28110.218826, "delta": 544.344144}}
{"target": 1.4997515149657261, "params": {"g": 3.2223058532626134, "gz": 145.46283337914824, "w": 3.809936335948437, "x": 56.733849658568175, "y": 155.2310213117392}, "datetime": {"datetime": "2019-06-05 05:38:53", "elapsed": 28647.358913, "delta": 537.140087}}
{"target": 0.7527713297285467, "params": {"g": 3.428083466435541, "gz": 165.82041104225254, "w": 4.468289274320415, "x": 128.72127183234127, "y": 181.36108786331255}, "datetime": {"datetime": "2019-06-05 05:50:23", "elapsed": 29337.272842, "delta": 689.913929}}
{"target": 1.4435055743486225, "params": {"g": 2.504548884061599, "gz": 163.69313221401953, "w": 3.5998557231110606, "x": 101.25569404350144, "y": 215.49512033233214}, "datetime": {"datetime": "2019-06-05 05:59:51", "elapsed": 29905.278869, "delta": 568.006027}}
{"target": 1.5248312239937931, "params": {"g": 3.670016025452699, "gz": 80.83912823327645, "w": 2.502331810559776, "x": 22.21765217931297, "y": 189.39361691954088}, "datetime": {"datetime": "2019-06-05 06:08:06", "elapsed": 30399.566777, "delta": 494.287908}}
{"target": 1.5090717281803223, "params": {"g": 1.1078268213902263, "gz": 103.80764326384283, "w": 3.1705785388303065, "x": 47.25036277667697, "y": 190.8999912682813}, "datetime": {"datetime": "2019-06-05 06:16:24", "elapsed": 30897.739723, "delta": 498.172946}}
{"target": 1.5159879158089575, "params": {"g": 1.0915007498171483, "gz": 26.722673974858594, "w": 4.290402242638633, "x": 56.82478338346417, "y": 135.24726151822617}, "datetime": {"datetime": "2019-06-05 06:24:33", "elapsed": 31386.563109, "delta": 488.823386}}
{"target": 1.584349638097153, "params": {"g": 2.566729780164413, "gz": 158.59883955774995, "w": 1.8632841099873727, "x": 90.97576185647003, "y": 130.24169579925217}, "datetime": {"datetime": "2019-06-05 06:34:26", "elapsed": 31979.724674, "delta": 593.161565}}
{"target": 1.4442691870805902, "params": {"g": 1.155045163505823, "gz": 115.64383368226665, "w": 3.162540486440426, "x": 92.86588719476686, "y": 207.1309600467194}, "datetime": {"datetime": "2019-06-05 06:43:32", "elapsed": 32525.606409, "delta": 545.881735}}
{"target": 1.0465872163119825, "params": {"g": 3.927556238387604, "gz": 112.93406269421516, "w": 2.291825891764984, "x": 113.37420531993148, "y": 152.4998701514489}, "datetime": {"datetime": "2019-06-05 06:53:55", "elapsed": 33149.002317, "delta": 623.395908}}
{"target": 1.0532955486727462, "params": {"g": 2.3169142621169083, "gz": 34.12214864160787, "w": 1.10140297366183, "x": 135.14429390813024, "y": 220.3176144614647}, "datetime": {"datetime": "2019-06-05 07:04:00", "elapsed": 33753.61306, "delta": 604.610743}}
{"target": 1.4976589793480677, "params": {"g": 3.0879226182810937, "gz": 93.61152999456858, "w": 1.693177280283383, "x": 30.336815547241187, "y": 150.02914777975144}, "datetime": {"datetime": "2019-06-05 07:12:16", "elapsed": 34250.399548, "delta": 496.786488}}
{"target": 1.4326496254312557, "params": {"g": 2.6476799941183615, "gz": 148.62726608601122, "w": 3.640789506870925, "x": 46.391406602972566, "y": 234.58383367958328}, "datetime": {"datetime": "2019-06-05 07:20:46", "elapsed": 34759.579674, "delta": 509.180126}}
{"target": 1.5095284892831593, "params": {"g": 3.2136907500873058, "gz": 119.78372945205213, "w": 3.446882984937409, "x": 64.54800811561269, "y": 149.7277187401389}, "datetime": {"datetime": "2019-06-05 07:29:55", "elapsed": 35308.740013, "delta": 549.160339}}
{"target": 1.6024048062513756, "params": {"g": 2.0679180359537845, "gz": 156.41229988358643, "w": 1.0575739545190235, "x": 25.08944326589911, "y": 125.52031704261033}, "datetime": {"datetime": "2019-06-05 07:38:01", "elapsed": 35794.888653, "delta": 486.14864}}
{"target": 1.512383293205164, "params": {"g": 1.1221864069569105, "gz": 173.9829051219813, "w": 3.8146314375200947, "x": 71.64259778135226, "y": 131.74009927812017}, "datetime": {"datetime": "2019-06-05 07:46:19", "elapsed": 36293.323594, "delta": 498.434941}}
{"target": 1.4885461824734088, "params": {"g": 2.474847625350497, "gz": 105.22491874050182, "w": 1.6928074796400607, "x": 66.4007144009365, "y": 167.82056812768482}, "datetime": {"datetime": "2019-06-05 07:54:48", "elapsed": 36801.442436, "delta": 508.118842}}
{"target": 1.4617729270557178, "params": {"g": 2.8475502941566493, "gz": 134.3168571561759, "w": 1.181216039088178, "x": 58.69963990144126, "y": 195.10318988570836}, "datetime": {"datetime": "2019-06-05 08:03:19", "elapsed": 37313.002017, "delta": 511.559581}}
{"target": 1.5056883868944326, "params": {"g": 2.509408775740263, "gz": 174.16817141389802, "w": 3.63477452647578, "x": 31.18147552058586, "y": 128.46824968805157}, "datetime": {"datetime": "2019-06-05 08:11:08", "elapsed": 37781.604024, "delta": 468.602007}}
{"target": 1.342205404599634, "params": {"g": 2.927257834618947, "gz": 24.772035897491925, "w": 3.343102325093853, "x": 132.22993138524447, "y": 189.05690134510547}, "datetime": {"datetime": "2019-06-05 08:20:49", "elapsed": 38362.479144, "delta": 580.87512}}
{"target": 1.4544085488701888, "params": {"g": 2.164509778619566, "gz": 135.79187931962358, "w": 2.8330115619660665, "x": 80.93018261107154, "y": 232.97577705318304}, "datetime": {"datetime": "2019-06-05 08:30:01", "elapsed": 38914.590799, "delta": 552.111655}}
{"target": 1.4992565459982354, "params": {"g": 2.158307913402323, "gz": 193.01430148830457, "w": 4.621402567824255, "x": 35.452847522608536, "y": 128.32335610501985}, "datetime": {"datetime": "2019-06-05 08:37:54", "elapsed": 39387.499822, "delta": 472.909023}}
{"target": 1.5208015512024486, "params": {"g": 1.30233400413228, "gz": 23.27992861727895, "w": 1.3777718430237136, "x": 98.7908805441264, "y": 128.54263781522747}, "datetime": {"datetime": "2019-06-05 08:46:22", "elapsed": 39896.239243, "delta": 508.739421}}
{"target": 1.5621424485508126, "params": {"g": 1.956926890881284, "gz": 172.07755597450182, "w": 1.0930877429433035, "x": 115.88090273656165, "y": 153.822572972808}, "datetime": {"datetime": "2019-06-05 08:56:44", "elapsed": 40517.847435, "delta": 621.608192}}
{"target": 1.4574283069948484, "params": {"g": 1.3544944828649688, "gz": 145.4126897655471, "w": 3.515771387119536, "x": 124.07136175851689, "y": 208.2085252564663}, "datetime": {"datetime": "2019-06-05 09:06:22", "elapsed": 41095.500428, "delta": 577.652993}}
{"target": 0.7985329193150145, "params": {"g": 3.4104427911545456, "gz": 70.76622306283517, "w": 1.7097581751188913, "x": 107.57991771331159, "y": 216.82016871207168}, "datetime": {"datetime": "2019-06-05 09:17:56", "elapsed": 41789.764628, "delta": 694.2642}}
{"target": 1.0357106639751832, "params": {"g": 3.97151542600202, "gz": 94.27118184405677, "w": 2.4880723431711327, "x": 110.9336848964596, "y": 160.89642483036215}, "datetime": {"datetime": "2019-06-05 09:28:25", "elapsed": 42419.218283, "delta": 629.453655}}
{"target": 0.7978414556335371, "params": {"g": 3.792271976810694, "gz": 174.51429533174212, "w": 2.7159761095000734, "x": 107.61323881289466, "y": 210.54514489016188}, "datetime": {"datetime": "2019-06-05 09:39:51", "elapsed": 43105.281005, "delta": 686.062722}}
{"target": 1.4421494546087081, "params": {"g": 1.0, "gz": 200.0, "w": 1.0, "x": 10.0, "y": 240.0}, "datetime": {"datetime": "2019-06-05 09:47:31", "elapsed": 43564.519429, "delta": 459.238424}}
{"target": 1.4937563932211293, "params": {"g": 1.0, "gz": 80.60105906900289, "w": 1.0, "x": 140.0, "y": 120.0}, "datetime": {"datetime": "2019-06-05 09:56:25", "elapsed": 44099.179112, "delta": 534.659683}}
{"target": 1.5508291201851814, "params": {"g": 1.0, "gz": 200.0, "w": 1.0, "x": 140.0, "y": 120.0}, "datetime": {"datetime": "2019-06-05 10:05:13", "elapsed": 44626.835082, "delta": 527.65597}}
{"target": 1.442522434437718, "params": {"g": 1.0, "gz": 107.9536568677222, "w": 1.0, "x": 10.0, "y": 240.0}, "datetime": {"datetime": "2019-06-05 10:12:52", "elapsed": 45086.035411, "delta": 459.200329}}
{"target": 1.425644627153031, "params": {"g": 1.0, "gz": 200.0, "w": 1.0, "x": 140.0, "y": 240.0}, "datetime": {"datetime": "2019-06-05 10:23:16", "elapsed": 45709.520423, "delta": 623.485012}}
