{"target": 1.5107777146787758, "params": {"g": 1.0, "gz": 20.0, "w": 5.0, "x": 140.0, "y": 120.0}, "datetime": {"datetime": "2019-06-05 10:32:11", "elapsed": 46245.187874, "delta": 535.667451}}
{"target": 1.5681443852697587, "params": {"g": 1.0, "gz": 200.0, "w": 1.0, "x": 38.704127904237026, "y": 196.30000468807205}, "datetime": {"datetime": "2019-06-05 10:40:20", "elapsed": 46734.056279, "delta": 488.868405}}
{"target": 1.4739698470079188, "params": {"g": 1.0, "gz": 20.0, "w": 5.0, "x": 94.06343922821634, "y": 170.04358678120357}, "datetime": {"datetime": "2019-06-05 10:49:16", "elapsed": 47269.425587, "delta": 535.369308}}
{"target": 1.457067417814144, "params": {"g": 1.0, "gz": 20.0, "w": 5.0, "x": 10.0, "y": 211.58532843046356}, "datetime": {"datetime": "2019-06-05 10:56:54", "elapsed": 47728.198513, "delta": 458.772926}}
{"target": 1.4535433485289795, "params": {"g": 1.0, "gz": 200.0, "w": 1.0, "x": 48.21438093234451, "y": 240.0}, "datetime": {"datetime": "2019-06-05 11:05:35", "elapsed": 48249.161745, "delta": 520.963232}}
{"target": 1.4413219711313756, "params": {"g": 1.0, "gz": 154.45340722603802, "w": 1.0, "x": 10.0, "y": 240.0}, "datetime": {"datetime": "2019-06-05 11:13:16", "elapsed": 48709.942479, "delta": 460.780734}}
{"target": 1.4661766793436604, "params": {"g": 1.0, "gz": 140.31683525477925, "w": 1.0, "x": 117.55130901731428, "y": 240.0}, "datetime": {"datetime": "2019-06-05 11:23:14", "elapsed": 49307.594167, "delta": 597.651688}}
{"target": 1.5394824978761352, "params": {"g": 1.0, "gz": 200.0, "w": 1.0, "x": 140.0, "y": 165.30920412536958}, "datetime": {"datetime": "2019-06-05 11:32:34", "elapsed": 49868.146372, "delta": 560.552205}}
{"target": 1.4811611197286123, "params": {"g": 4.0, "gz": 200.0, "w": 1.0, "x": 10.0, "y": 120.0}, "datetime": {"datetime": "2019-06-05 11:39:58", "elapsed": 50311.47232, "delta": 443.325948}}
{"target": 1.4349461799051502, "params": {"g": 1.0, "gz": 20.0, "w": 5.0, "x": 48.0619798656767, "y": 240.0}, "datetime": {"datetime": "2019-06-05 11:48:34", "elapsed": 50828.224951, "delta": 516.752631}}
{"target": 1.432914047771015, "params": {"g": 4.0, "gz": 73.16547772144357, "w": 1.0, "x": 10.0, "y": 120.0}, "datetime": {"datetime": "2019-06-05 11:55:58", "elapsed": 51272.354267, "delta": 444.129316}}
{"target": 1.4421516558195853, "params": {"g": 4.0, "gz": 20.0, "w": 1.0, "x": 10.0, "y": 120.0}, "datetime": {"datetime": "2019-06-05 12:03:23", "elapsed": 51716.826057, "delta": 444.47179}}
{"target": 1.5033090024042108, "params": {"g": 4.0, "gz": 200.0, "w": 1.0, "x": 10.0, "y": 177.1196225047594}, "datetime": {"datetime": "2019-06-05 12:10:50", "elapsed": 52163.821121, "delta": 446.995064}}
{"target": 1.5406406132707096, "params": {"g": 1.0, "gz": 200.0, "w": 1.0, "x": 107.91010677982146, "y": 174.8139782114348}, "datetime": {"datetime": "2019-06-05 12:19:52", "elapsed": 52706.006613, "delta": 542.185492}}
{"target": 1.483069866032821, "params": {"g": 1.0, "gz": 147.39462244101145, "w": 1.0, "x": 101.32532312857391, "y": 177.30238280876776}, "datetime": {"datetime": "2019-06-05 12:28:58", "elapsed": 53252.026215, "delta": 546.019602}}
{"target": 1.4830018424544182, "params": {"g": 1.0, "gz": 124.3316335730234, "w": 1.0, "x": 140.0, "y": 175.19389304462692}, "datetime": {"datetime": "2019-06-05 12:38:34", "elapsed": 53828.06807, "delta": 576.041855}}
{"target": 1.5473750035318514, "params": {"g": 1.0, "gz": 118.13592215505594, "w": 1.0, "x": 140.0, "y": 120.0}, "datetime": {"datetime": "2019-06-05 12:47:25", "elapsed": 54359.067567, "delta": 530.999497}}
{"target": 1.4644030472797862, "params": {"g": 1.0, "gz": 20.0, "w": 5.0, "x": 113.10581781451725, "y": 240.0}, "datetime": {"datetime": "2019-06-05 12:57:15", "elapsed": 54948.706935, "delta": 589.639368}}
{"target": 1.4439809802066788, "params": {"g": 4.0, "gz": 120.66075733681764, "w": 1.0, "x": 10.0, "y": 198.13005796371561}, "datetime": {"datetime": "2019-06-05 13:04:44", "elapsed": 55397.577804, "delta": 448.870869}}
{"target": 1.4267495321630856, "params": {"g": 1.0, "gz": 169.54086210451683, "w": 1.0, "x": 86.96730149389585, "y": 240.0}, "datetime": {"datetime": "2019-06-05 13:14:09", "elapsed": 55962.703362, "delta": 565.125558}}
{"target": 1.4677661317760504, "params": {"g": 1.0, "gz": 72.57642131115584, "w": 5.0, "x": 61.671949352758276, "y": 204.46435468606154}, "datetime": {"datetime": "2019-06-05 13:22:52", "elapsed": 56485.607716, "delta": 522.904354}}
{"target": 1.5512293553147063, "params": {"g": 1.0, "gz": 200.0, "w": 1.0, "x": 65.35984251352475, "y": 173.79910708371528}, "datetime": {"datetime": "2019-06-05 13:31:21", "elapsed": 56994.780386, "delta": 509.17267}}
{"target": 1.4469201849821522, "params": {"g": 1.0, "gz": 20.0, "w": 5.0, "x": 140.0, "y": 240.0}, "datetime": {"datetime": "2019-06-05 13:41:45", "elapsed": 57619.06013, "delta": 624.279744}}
{"target": 1.489490336586476, "params": {"g": 1.0, "gz": 69.23475864308062, "w": 5.0, "x": 140.0, "y": 157.80139378154706}, "datetime": {"datetime": "2019-06-05 13:51:08", "elapsed": 58181.935358, "delta": 562.875228}}
{"target": 1.5569954001800252, "params": {"g": 1.0, "gz": 200.0, "w": 1.0, "x": 109.5737404580373, "y": 120.0}, "datetime": {"datetime": "2019-06-05 13:59:42", "elapsed": 58696.196213, "delta": 514.260855}}
{"target": 1.4871738991483405, "params": {"g": 1.0, "gz": 78.26294688843014, "w": 5.0, "x": 24.353591309974444, "y": 226.67848744518133}, "datetime": {"datetime": "2019-06-05 14:07:47", "elapsed": 59180.429102, "delta": 484.232889}}
{"target": 1.4886011550303107, "params": {"g": 4.0, "gz": 128.52141713542707, "w": 5.0, "x": 47.66240186227124, "y": 120.0}, "datetime": {"datetime": "2019-06-05 14:15:31", "elapsed": 59644.42367, "delta": 463.994568}}
{"target": 1.5438715481967913, "params": {"g": 1.0, "gz": 200.0, "w": 1.0, "x": 140.0, "y": 203.39143804282597}, "datetime": {"datetime": "2019-06-05 14:25:20", "elapsed": 60234.003117, "delta": 589.579447}}
{"target": 1.5497931748169795, "params": {"g": 1.0, "gz": 166.94847743193262, "w": 1.0, "x": 140.0, "y": 120.0}, "datetime": {"datetime": "2019-06-05 14:34:10", "elapsed": 60764.041714, "delta": 530.038597}}
{"target": 1.4945981861186062, "params": {"g": 1.0, "gz": 50.146830030842985, "w": 1.0, "x": 43.67378837960834, "y": 120.0}, "datetime": {"datetime": "2019-06-05 14:42:14", "elapsed": 61247.944491, "delta": 483.902777}}
{"target": 1.4655584798206807, "params": {"g": 4.0, "gz": 20.0, "w": 1.0, "x": 10.0, "y": 240.0}, "datetime": {"datetime": "2019-06-05 14:49:44", "elapsed": 61698.267405, "delta": 450.322914}}
{"target": 1.485601315026798, "params": {"g": 1.0, "gz": 92.93739444887423, "w": 1.0, "x": 97.16658583557701, "y": 120.0}, "datetime": {"datetime": "2019-06-05 14:58:21", "elapsed": 62215.377757, "delta": 517.110352}}
{"target": 1.457883916321581, "params": {"g": 1.0, "gz": 142.18274000902696, "w": 1.0, "x": 105.72171957392816, "y": 218.5624909299793}, "datetime": {"datetime": "2019-06-05 15:07:57", "elapsed": 62790.594424, "delta": 575.216667}}
{"target": 1.4482452784620847, "params": {"g": 1.0, "gz": 101.45017017672897, "w": 5.0, "x": 93.47574678759285, "y": 240.0}, "datetime": {"datetime": "2019-06-05 15:17:27", "elapsed": 63360.88597, "delta": 570.291546}}
{"target": 1.4658490767430008, "params": {"g": 4.0, "gz": 200.0, "w": 5.0, "x": 10.0, "y": 210.56753393962515}, "datetime": {"datetime": "2019-06-05 15:24:57", "elapsed": 63810.927484, "delta": 450.041514}}
{"target": 1.4908019413230444, "params": {"g": 1.0, "gz": 49.38465019033414, "w": 5.0, "x": 121.86619427224794, "y": 120.0}, "datetime": {"datetime": "2019-06-05 15:33:45", "elapsed": 64339.191175, "delta": 528.263691}}
{"target": 1.4874518581773368, "params": {"g": 4.0, "gz": 20.0, "w": 5.0, "x": 71.2024817598025, "y": 120.0}, "datetime": {"datetime": "2019-06-05 15:41:37", "elapsed": 64810.9437, "delta": 471.752525}}
{"target": 1.4272724715579421, "params": {"g": 1.0, "gz": 70.66172688946153, "w": 5.0, "x": 10.0, "y": 160.66395578046328}, "datetime": {"datetime": "2019-06-05 15:49:14", "elapsed": 65268.167544, "delta": 457.223844}}
{"target": 1.4976438724901482, "params": {"g": 1.0, "gz": 49.841532005421335, "w": 1.0, "x": 26.54738985401603, "y": 203.46534599604914}, "datetime": {"datetime": "2019-06-05 15:57:21", "elapsed": 65754.862011, "delta": 486.694467}}
{"target": 1.40642647857337, "params": {"g": 4.0, "gz": 144.88274306735752, "w": 5.0, "x": 10.0, "y": 120.0}, "datetime": {"datetime": "2019-06-05 16:04:48", "elapsed": 66202.258965, "delta": 447.396954}}
{"target": 1.4540577297332093, "params": {"g": 1.0, "gz": 20.0, "w": 5.0, "x": 10.0, "y": 175.1688056060642}, "datetime": {"datetime": "2019-06-05 16:12:28", "elapsed": 66661.841419, "delta": 459.582454}}
{"target": 1.457516480903449, "params": {"g": 1.0, "gz": 177.8576147459845, "w": 1.0, "x": 61.415008628216874, "y": 206.8627829949585}, "datetime": {"datetime": "2019-06-05 16:21:13", "elapsed": 67186.644558, "delta": 524.803139}}
{"target": 1.4999942569592069, "params": {"g": 1.0, "gz": 20.0, "w": 5.0, "x": 40.22685041040476, "y": 160.92293016632897}, "datetime": {"datetime": "2019-06-05 16:29:24", "elapsed": 67677.902422, "delta": 491.257864}}
{"target": 1.558818600863202, "params": {"g": 1.0, "gz": 149.32706075191518, "w": 1.0, "x": 113.42207946525642, "y": 120.0}, "datetime": {"datetime": "2019-06-05 16:38:04", "elapsed": 68197.780603, "delta": 519.878181}}
{"target": 1.4760549373286245, "params": {"g": 1.0, "gz": 42.31606368253178, "w": 5.0, "x": 102.18469678870935, "y": 177.14842765031827}, "datetime": {"datetime": "2019-06-05 16:47:12", "elapsed": 68745.808926, "delta": 548.028323}}
{"target": 1.4822942242122803, "params": {"g": 1.0, "gz": 20.0, "w": 5.0, "x": 140.0, "y": 151.80293882295007}, "datetime": {"datetime": "2019-06-05 16:56:33", "elapsed": 69307.033057, "delta": 561.224131}}
{"target": 1.4451996161215908, "params": {"g": 1.0, "gz": 142.02966585694807, "w": 1.0, "x": 140.0, "y": 240.0}, "datetime": {"datetime": "2019-06-05 17:06:59", "elapsed": 69932.494784, "delta": 625.461727}}
{"target": 1.5889724577946545, "params": {"g": 1.0, "gz": 171.81963900616105, "w": 1.0, "x": 43.39323260703504, "y": 171.6665588011174}, "datetime": {"datetime": "2019-06-05 17:15:10", "elapsed": 70424.031502, "delta": 491.536718}}
{"target": 1.441703507501642, "params": {"g": 1.0, "gz": 96.86131485617945, "w": 5.0, "x": 74.2976810827527, "y": 215.78326732070204}, "datetime": {"datetime": "2019-06-05 17:24:12", "elapsed": 70966.055903, "delta": 542.024401}}
{"target": 1.4700275172669497, "params": {"g": 4.0, "gz": 20.0, "w": 5.0, "x": 37.23118874703984, "y": 120.0}, "datetime": {"datetime": "2019-06-05 17:31:53", "elapsed": 71427.250039, "delta": 461.194136}}
{"target": 1.4635124131357742, "params": {"g": 1.0, "gz": 20.0, "w": 5.0, "x": 109.731664222706, "y": 200.74821445459278}, "datetime": {"datetime": "2019-06-05 17:41:21", "elapsed": 71994.520776, "delta": 567.270737}}
{"target": 1.450102200856183, "params": {"g": 4.0, "gz": 71.1522804566443, "w": 1.0, "x": 10.0, "y": 240.0}, "datetime": {"datetime": "2019-06-05 17:48:54", "elapsed": 72447.505174, "delta": 452.984398}}
{"target": 1.5073984807521668, "params": {"g": 4.0, "gz": 93.52356663775396, "w": 1.0, "x": 66.745104453328, "y": 120.0}, "datetime": {"datetime": "2019-06-05 17:56:47", "elapsed": 72920.835513, "delta": 473.330339}}
{"target": 1.44690091087535, "params": {"g": 1.0, "gz": 200.0, "w": 1.0, "x": 105.84082026480893, "y": 240.0}, "datetime": {"datetime": "2019-06-05 18:06:35", "elapsed": 73508.704245, "delta": 587.868732}}
{"target": 1.5605333604363925, "params": {"g": 1.0, "gz": 175.85452506223083, "w": 1.0, "x": 111.52282618903106, "y": 120.0}, "datetime": {"datetime": "2019-06-05 18:15:15", "elapsed": 74029.396947, "delta": 520.692702}}
