{"target": 0.9812480973186533, "params": {"g": 1.0, "gz": 200.0, "w": 1.0, "x": 140.0, "y": 240.0}, "datetime": {"datetime": "2019-06-03 02:55:18", "elapsed": 46482.938616, "delta": 619.355014}}
{"target": 1.2366879975110907, "params": {"g": 1.0, "gz": 200.0, "w": 1.0, "x": 40.57473588823019, "y": 194.13953764507238}, "datetime": {"datetime": "2019-06-03 03:03:28", "elapsed": 46973.155673, "delta": 490.217057}}
{"target": 1.127610088377443, "params": {"g": 1.0, "gz": 20.0, "w": 5.0, "x": 92.16269153912995, "y": 169.2828946674299}, "datetime": {"datetime": "2019-06-03 03:12:22", "elapsed": 47506.423303, "delta": 533.26763}}
{"target": 1.1987881768139117, "params": {"g": 4.0, "gz": 20.0, "w": 1.0, "x": 10.0, "y": 120.0}, "datetime": {"datetime": "2019-06-03 03:19:44", "elapsed": 47949.050319, "delta": 442.627016}}
{"target": 1.182601681577796, "params": {"g": 4.0, "gz": 73.28211067359106, "w": 1.0, "x": 10.0, "y": 120.0}, "datetime": {"datetime": "2019-06-03 03:27:08", "elapsed": 48392.693458, "delta": 443.643139}}
{"target": 1.1831642245066583, "params": {"g": 1.0, "gz": 20.0, "w": 5.0, "x": 10.0, "y": 210.14537525820936}, "datetime": {"datetime": "2019-06-03 03:34:46", "elapsed": 48851.181611, "delta": 458.488153}}
{"target": 1.1831095170995647, "params": {"g": 1.0, "gz": 200.0, "w": 5.0, "x": 10.0, "y": 120.0}, "datetime": {"datetime": "2019-06-03 03:42:18", "elapsed": 49302.80414, "delta": 451.622529}}
{"target": 1.1514432228680844, "params": {"g": 1.0, "gz": 154.063864015997, "w": 5.0, "x": 10.0, "y": 240.0}, "datetime": {"datetime": "2019-06-03 03:49:58", "elapsed": 49762.480038, "delta": 459.675898}}
{"target": 1.1837912173804002, "params": {"g": 1.0, "gz": 120.8762498185785, "w": 1.0, "x": 10.0, "y": 196.87180759431882}, "datetime": {"datetime": "2019-06-03 03:57:36", "elapsed": 50220.406901, "delta": 457.926863}}
{"target": 1.0690134800647844, "params": {"g": 1.0, "gz": 124.0284353674343, "w": 1.0, "x": 140.0, "y": 176.511081444918}, "datetime": {"datetime": "2019-06-03 04:07:11", "elapsed": 50795.492636, "delta": 575.085735}}
{"target": 1.1744107423282708, "params": {"g": 1.0, "gz": 121.82479801646666, "w": 1.0, "x": 140.0, "y": 120.0}, "datetime": {"datetime": "2019-06-03 04:15:59", "elapsed": 51323.937799, "delta": 528.445163}}
{"target": 1.1197658420138166, "params": {"g": 1.0, "gz": 200.0, "w": 1.0, "x": 140.0, "y": 166.28491970599597}, "datetime": {"datetime": "2019-06-03 04:25:20", "elapsed": 51884.561982, "delta": 560.624183}}
{"target": 1.185542273341345, "params": {"g": 1.0, "gz": 200.0, "w": 5.0, "x": 10.0, "y": 192.2988046030754}, "datetime": {"datetime": "2019-06-03 04:32:58", "elapsed": 52342.844738, "delta": 458.282756}}
{"target": 1.1835914659172078, "params": {"g": 1.0, "gz": 200.0, "w": 1.0, "x": 75.95871485530824, "y": 177.44199566954384}, "datetime": {"datetime": "2019-06-03 04:41:38", "elapsed": 52862.32271, "delta": 519.477972}}
{"target": 1.105814070304979, "params": {"g": 1.0, "gz": 200.0, "w": 5.0, "x": 46.0527952651835, "y": 240.0}, "datetime": {"datetime": "2019-06-03 04:50:17", "elapsed": 53381.94706, "delta": 519.62435}}
{"target": 1.1152270505005082, "params": {"g": 1.0, "gz": 20.0, "w": 5.0, "x": 44.300050907035796, "y": 240.0}, "datetime": {"datetime": "2019-06-03 04:58:50", "elapsed": 53895.211127, "delta": 513.264067}}
{"target": 1.1732067719644828, "params": {"g": 1.0, "gz": 75.33468630206016, "w": 5.0, "x": 10.0, "y": 224.31000982540962}, "datetime": {"datetime": "2019-06-03 05:06:32", "elapsed": 54356.370871, "delta": 461.159744}}
{"target": 1.1305106932621674, "params": {"g": 1.0, "gz": 70.30766851293343, "w": 5.0, "x": 61.18558714993537, "y": 203.7585763071057}, "datetime": {"datetime": "2019-06-03 05:15:13", "elapsed": 54877.897465, "delta": 521.526594}}
{"target": 1.1985156404575594, "params": {"g": 1.0, "gz": 99.92946855328185, "w": 5.0, "x": 77.89922649206778, "y": 120.0}, "datetime": {"datetime": "2019-06-03 05:23:38", "elapsed": 55383.126668, "delta": 505.229203}}
{"target": 1.1803740781734282, "params": {"g": 4.0, "gz": 20.0, "w": 1.0, "x": 10.0, "y": 240.0}, "datetime": {"datetime": "2019-06-03 05:31:08", "elapsed": 55832.577117, "delta": 449.450449}}
{"target": 1.212376050823512, "params": {"g": 1.0, "gz": 48.61977899781865, "w": 1.0, "x": 41.112451939131226, "y": 120.0}, "datetime": {"datetime": "2019-06-03 05:39:09", "elapsed": 56313.268619, "delta": 480.691502}}
{"target": 1.0515845051117, "params": {"g": 1.0, "gz": 128.31277298707883, "w": 1.0, "x": 115.89261181825081, "y": 240.0}, "datetime": {"datetime": "2019-06-03 05:49:03", "elapsed": 56908.061069, "delta": 594.79245}}
{"target": 1.038079372162092, "params": {"g": 1.0, "gz": 20.0, "w": 5.0, "x": 112.9013790189258, "y": 240.0}, "datetime": {"datetime": "2019-06-03 05:58:55", "elapsed": 57499.661609, "delta": 591.60054}}
{"target": 1.0818477604523002, "params": {"g": 1.0, "gz": 73.8415385005519, "w": 5.0, "x": 140.0, "y": 153.74543377608614}, "datetime": {"datetime": "2019-06-03 06:08:18", "elapsed": 58062.960426, "delta": 563.298817}}
{"target": 1.0944363023004482, "params": {"g": 1.0, "gz": 142.6021358963159, "w": 1.0, "x": 103.06741521473045, "y": 184.8622685174051}, "datetime": {"datetime": "2019-06-03 06:17:31", "elapsed": 58615.943105, "delta": 552.982679}}
{"target": 1.0412096794983063, "params": {"g": 1.0, "gz": 169.9870138714431, "w": 1.0, "x": 87.0470795552244, "y": 240.0}, "datetime": {"datetime": "2019-06-03 06:26:55", "elapsed": 59180.124622, "delta": 564.181517}}
{"target": 1.2041947611911912, "params": {"g": 4.0, "gz": 20.0, "w": 5.0, "x": 69.89886344980313, "y": 120.0}, "datetime": {"datetime": "2019-06-03 06:34:45", "elapsed": 59650.028974, "delta": 469.904352}}
{"target": 1.1403039684650405, "params": {"g": 1.0, "gz": 200.0, "w": 1.0, "x": 110.77724471516635, "y": 176.23277042933447}, "datetime": {"datetime": "2019-06-03 06:43:52", "elapsed": 60196.658135, "delta": 546.629161}}
{"target": 1.1943044975716723, "params": {"g": 1.0, "gz": 47.23039073102447, "w": 5.0, "x": 10.0, "y": 191.2760303401875}, "datetime": {"datetime": "2019-06-03 06:51:31", "elapsed": 60656.101428, "delta": 459.443293}}
{"target": 1.1933000866710712, "params": {"g": 1.0, "gz": 20.0, "w": 5.0, "x": 10.0, "y": 169.61938199507313}, "datetime": {"datetime": "2019-06-03 06:59:10", "elapsed": 61114.39028, "delta": 458.288852}}
{"target": 0.9806771169163451, "params": {"g": 1.0, "gz": 20.0, "w": 5.0, "x": 140.0, "y": 240.0}, "datetime": {"datetime": "2019-06-03 07:09:30", "elapsed": 61734.671018, "delta": 620.280738}}
{"target": 1.2004278496798397, "params": {"g": 1.0, "gz": 176.84700142351178, "w": 5.0, "x": 51.61931816852108, "y": 171.78737009155586}, "datetime": {"datetime": "2019-06-03 07:17:54", "elapsed": 62239.01574, "delta": 504.344722}}
{"target": 1.1392969171438008, "params": {"g": 1.0, "gz": 51.62749771055683, "w": 1.0, "x": 140.0, "y": 120.0}, "datetime": {"datetime": "2019-06-03 07:26:54", "elapsed": 62778.656418, "delta": 539.640678}}
{"target": 1.0980462038201715, "params": {"g": 1.0, "gz": 200.0, "w": 1.0, "x": 140.0, "y": 202.25036328349805}, "datetime": {"datetime": "2019-06-03 07:36:43", "elapsed": 63367.482919, "delta": 588.826501}}
{"target": 1.190818797723866, "params": {"g": 1.0, "gz": 74.60302930538963, "w": 5.0, "x": 10.0, "y": 158.6658021531403}, "datetime": {"datetime": "2019-06-03 07:44:20", "elapsed": 63824.839659, "delta": 457.35674}}
{"target": 1.1815260911805334, "params": {"g": 1.0, "gz": 178.6171668803631, "w": 1.0, "x": 10.0, "y": 216.05274666303083}, "datetime": {"datetime": "2019-06-03 07:52:03", "elapsed": 64287.487029, "delta": 462.64737}}
{"target": 1.1468291723673953, "params": {"g": 1.0, "gz": 82.67118500003967, "w": 5.0, "x": 34.268433441165726, "y": 240.0}, "datetime": {"datetime": "2019-06-03 08:00:42", "elapsed": 64807.023125, "delta": 519.536096}}
{"target": 1.2058579325062213, "params": {"g": 1.0, "gz": 20.0, "w": 5.0, "x": 36.023142686001655, "y": 120.0}, "datetime": {"datetime": "2019-06-03 08:08:44", "elapsed": 65288.914804, "delta": 481.891679}}
{"target": 1.0390511513704594, "params": {"g": 1.0, "gz": 200.0, "w": 1.0, "x": 105.09437817292282, "y": 240.0}, "datetime": {"datetime": "2019-06-03 08:18:31", "elapsed": 65875.810053, "delta": 586.895249}}
{"target": 1.1926092976213798, "params": {"g": 4.0, "gz": 107.50191347734854, "w": 5.0, "x": 10.0, "y": 168.9807907083121}, "datetime": {"datetime": "2019-06-03 08:26:00", "elapsed": 66324.699963, "delta": 448.88991}}
{"target": 1.1981763519431565, "params": {"g": 1.0, "gz": 200.0, "w": 5.0, "x": 10.0, "y": 156.5733098998398}, "datetime": {"datetime": "2019-06-03 08:33:38", "elapsed": 66782.956434, "delta": 458.256471}}
{"target": 0.7814199837435897, "params": {"g": 1.0, "gz": 131.12919397309045, "w": 1.0, "x": 140.0, "y": 150.31239517133386}, "datetime": {"datetime": "2019-06-03 08:44:42", "elapsed": 67446.906462, "delta": 663.950028}}
{"target": 1.1618001669529192, "params": {"g": 1.0, "gz": 163.39599228681368, "w": 1.0, "x": 140.0, "y": 120.0}, "datetime": {"datetime": "2019-06-03 08:53:35", "elapsed": 67979.282823, "delta": 532.376361}}
{"target": 1.1554387575438314, "params": {"g": 1.0, "gz": 124.9815057663737, "w": 5.0, "x": 111.22782794080247, "y": 120.0}, "datetime": {"datetime": "2019-06-03 09:02:19", "elapsed": 68503.505251, "delta": 524.222428}}
{"target": 1.1935478017901502, "params": {"g": 1.0, "gz": 54.188731301038985, "w": 1.0, "x": 31.699190016103792, "y": 213.315814558846}, "datetime": {"datetime": "2019-06-03 09:10:34", "elapsed": 68998.940682, "delta": 495.435431}}
{"target": 1.2110657270209253, "params": {"g": 1.0, "gz": 20.0, "w": 5.0, "x": 41.0976326655971, "y": 160.9761313187246}, "datetime": {"datetime": "2019-06-03 09:18:48", "elapsed": 69492.519677, "delta": 493.578995}}
{"target": 1.2156865091767985, "params": {"g": 1.0, "gz": 128.93676360233303, "w": 5.0, "x": 35.97879772058338, "y": 175.87750154776828}, "datetime": {"datetime": "2019-06-03 09:27:00", "elapsed": 69984.821633, "delta": 492.301956}}
{"target": 1.116636686984865, "params": {"g": 1.0, "gz": 41.34681436990148, "w": 5.0, "x": 99.51464154080698, "y": 179.179513734526}, "datetime": {"datetime": "2019-06-03 09:36:08", "elapsed": 70532.640146, "delta": 547.818513}}
{"target": 1.189639469965913, "params": {"g": 1.0, "gz": 107.96187497182446, "w": 1.0, "x": 31.14525254320134, "y": 219.1433443193716}, "datetime": {"datetime": "2019-06-03 09:44:23", "elapsed": 71027.951298, "delta": 495.311152}}
{"target": 1.0541010515730314, "params": {"g": 1.0, "gz": 100.6553477024283, "w": 5.0, "x": 93.18946859682768, "y": 240.0}, "datetime": {"datetime": "2019-06-03 09:53:56", "elapsed": 71601.121149, "delta": 573.169851}}
{"target": 1.1800503529663628, "params": {"g": 4.0, "gz": 176.49395593525347, "w": 5.0, "x": 10.0, "y": 120.0}, "datetime": {"datetime": "2019-06-03 10:01:24", "elapsed": 72048.334985, "delta": 447.213836}}
{"target": 1.0568507349421592, "params": {"g": 1.0, "gz": 138.3588540371216, "w": 1.0, "x": 106.499168272112, "y": 218.32038404536613}, "datetime": {"datetime": "2019-06-03 10:11:04", "elapsed": 72628.275024, "delta": 579.940039}}
{"target": 1.0776788006362186, "params": {"g": 1.0, "gz": 96.50826465748, "w": 5.0, "x": 71.98103873938393, "y": 214.70120283118646}, "datetime": {"datetime": "2019-06-03 10:20:02", "elapsed": 73167.173764, "delta": 538.89874}}
{"target": 1.1833873259894399, "params": {"g": 4.0, "gz": 134.6779811055876, "w": 5.0, "x": 10.0, "y": 220.8986622432136}, "datetime": {"datetime": "2019-06-03 10:27:35", "elapsed": 73619.802339, "delta": 452.628575}}
{"target": 1.186824875637089, "params": {"g": 1.0, "gz": 200.0, "w": 5.0, "x": 66.13661822741904, "y": 151.9093348174291}, "datetime": {"datetime": "2019-06-03 10:36:07", "elapsed": 74132.121917, "delta": 512.319578}}
