{"target": 1.112828339107315, "params": {"g": 2.1236203565420873, "gz": 191.1285751537849, "w": 3.9279757672456204, "x": 87.82560294561476, "y": 138.7222368530924}, "datetime": {"datetime": "2019-06-02 14:00:35", "elapsed": 0.0, "delta": 0.0}}
{"target": 1.088670799639862, "params": {"g": 1.4679835610086078, "gz": 30.455050190275905, "w": 4.46470458309974, "x": 88.14495152661715, "y": 204.96870933552546}, "datetime": {"datetime": "2019-06-02 14:09:36", "elapsed": 540.22967, "delta": 540.22967}}
{"target": 1.216765418671115, "params": {"g": 1.0617534828874073, "gz": 194.58377338915898, "w": 4.329770563201687, "x": 37.6040843881759, "y": 141.81899606485206}, "datetime": {"datetime": "2019-06-02 14:17:32", "elapsed": 1016.75406, "delta": 476.52439}}
{"target": 1.186197658973016, "params": {"g": 1.5502135295603015, "gz": 74.76360373271679, "w": 3.0990257265289514, "x": 66.15285242347505, "y": 154.94749682376502}, "datetime": {"datetime": "2019-06-02 14:25:55", "elapsed": 1519.977164, "delta": 503.223104}}
{"target": 1.1283378108692692, "params": {"g": 2.8355586841671383, "gz": 45.10889491736753, "w": 2.1685785941408726, "x": 57.62703962817992, "y": 174.72839810604432}, "datetime": {"datetime": "2019-06-02 14:34:18", "elapsed": 2022.498321, "delta": 502.521157}}
{"target": 1.0657537600333304, "params": {"g": 3.3555278841790406, "gz": 55.941280788504756, "w": 3.0569377536544464, "x": 87.01389395206552, "y": 125.57404952639973}, "datetime": {"datetime": "2019-06-02 14:43:36", "elapsed": 2580.497254, "delta": 557.998933}}
{"target": 0.5051733023755389, "params": {"g": 2.8226345557043153, "gz": 50.69434226371247, "w": 1.260206371941118, "x": 133.35511984293333, "y": 235.87584396894712}, "datetime": {"datetime": "2019-06-02 14:53:50", "elapsed": 3194.271245, "delta": 613.773991}}
{"target": 0.5955566272483037, "params": {"g": 3.4251920443493833, "gz": 74.83047845120672, "w": 1.3906884560255355, "x": 98.9502934465804, "y": 172.81829924875217}, "datetime": {"datetime": "2019-06-02 15:04:12", "elapsed": 3817.208286, "delta": 622.937041}}
{"target": 1.1087660379148605, "params": {"g": 1.3661147045343365, "gz": 109.13184382002864, "w": 1.1375540844608736, "x": 128.21165227024167, "y": 151.05359779200202}, "datetime": {"datetime": "2019-06-02 15:13:28", "elapsed": 4372.454228, "delta": 555.245942}}
{"target": 1.1199752106639678, "params": {"g": 2.9875668530619457, "gz": 76.10799369609397, "w": 3.0802720847112433, "x": 81.07233631462636, "y": 142.18253466306325}, "datetime": {"datetime": "2019-06-02 15:22:19", "elapsed": 4903.319393, "delta": 530.865165}}
{"target": 0.35947831190289636, "params": {"g": 3.9087538832936755, "gz": 159.52390820500062, "w": 4.757995766256757, "x": 126.32755555559434, "y": 191.7479974573302}, "datetime": {"datetime": "2019-06-02 15:34:44", "elapsed": 5649.160249, "delta": 745.840856}}
{"target": 1.2303274418825, "params": {"g": 3.7656227050693505, "gz": 35.92865036934551, "w": 1.7839314496765808, "x": 15.879547558369948, "y": 159.03963969159173}, "datetime": {"datetime": "2019-06-02 15:42:58", "elapsed": 6142.562831, "delta": 493.402582}}
{"target": 1.1503354157005377, "params": {"g": 2.166031869068446, "gz": 68.84282571930126, "w": 4.314950036607717, "x": 56.377932470166606, "y": 153.7121411624857}, "datetime": {"datetime": "2019-06-02 15:51:30", "elapsed": 6654.31827, "delta": 511.755439}}
{"target": 1.1707878362773787, "params": {"g": 2.6280882494747453, "gz": 45.36636049545727, "w": 4.208787923016159, "x": 19.691583678370208, "y": 238.42643239206208}, "datetime": {"datetime": "2019-06-02 15:59:35", "elapsed": 7140.102464, "delta": 485.784194}}
{"target": 0.39756056116066535, "params": {"g": 3.3167343078899725, "gz": 55.76882267615103, "w": 1.0220884684944096, "x": 116.00998569912844, "y": 204.82288126171406}, "datetime": {"datetime": "2019-06-02 16:11:48", "elapsed": 7872.725926, "delta": 732.623462}}
{"target": 0.7783978332808996, "params": {"g": 3.1870215041229617, "gz": 158.82866240347025, "w": 1.2961786069363614, "x": 56.600544710755436, "y": 133.90428714301555}, "datetime": {"datetime": "2019-06-02 16:22:18", "elapsed": 8502.62512, "delta": 629.899194}}
{"target": 1.2258492264433012, "params": {"g": 3.5893102776267805, "gz": 132.19366282896044, "w": 2.3235920994105967, "x": 18.26258553718307, "y": 157.31787860587946}, "datetime": {"datetime": "2019-06-02 16:30:17", "elapsed": 8981.689997, "delta": 479.064877}}
{"target": 1.0783467654895196, "params": {"g": 1.9755499660802411, "gz": 151.32911210085155, "w": 3.5502298854208525, "x": 125.33765653492244, "y": 176.66579101943393}, "datetime": {"datetime": "2019-06-02 16:39:34", "elapsed": 9538.272647, "delta": 556.58265}}
{"target": 1.0749109559548895, "params": {"g": 1.358782737814905, "gz": 148.3840617001391, "w": 4.04314019446759, "x": 82.96603568403451, "y": 212.51606159454732}, "datetime": {"datetime": "2019-06-02 16:48:34", "elapsed": 10078.802198, "delta": 540.529551}}
{"target": 1.2045230408865133, "params": {"g": 2.4813867890931722, "gz": 114.09190928875893, "w": 2.7101640734341985, "x": 13.304486476732375, "y": 132.94697123919653}, "datetime": {"datetime": "2019-06-02 16:56:04", "elapsed": 10528.830996, "delta": 450.028798}}
{"target": 1.0680328106518804, "params": {"g": 1.0942875570602029, "gz": 134.55387402748048, "w": 2.2574239243053067, "x": 76.11418985141135, "y": 228.90797687113115}, "datetime": {"datetime": "2019-06-02 17:05:05", "elapsed": 11069.362374, "delta": 540.531378}}
{"target": 1.220347675684231, "params": {"g": 1.7478766874466247, "gz": 93.86892614641336, "w": 4.022204554172195, "x": 39.74376151391092, "y": 129.23758917945517}, "datetime": {"datetime": "2019-06-02 17:13:05", "elapsed": 11549.611248, "delta": 480.248874}}
{"target": 1.0766089557726533, "params": {"g": 1.869254358741304, "gz": 49.0198317057208, "w": 4.718790609370292, "x": 115.0556493433742, "y": 196.00845078125081}, "datetime": {"datetime": "2019-06-02 17:22:51", "elapsed": 12135.815381, "delta": 586.204133}}
{"target": 0.5764493119563724, "params": {"g": 3.614381770563153, "gz": 164.66097384184062, "w": 1.7462802355441434, "x": 126.0326698036971, "y": 184.7210690298781}, "datetime": {"datetime": "2019-06-02 17:36:12", "elapsed": 12936.819203, "delta": 801.003822}}
{"target": 1.2096754793181959, "params": {"g": 3.4223204654921875, "gz": 181.29643398622878, "w": 2.2720138998874555, "x": 24.30675018859798, "y": 147.352219505033}, "datetime": {"datetime": "2019-06-02 17:44:40", "elapsed": 13444.327102, "delta": 507.507899}}
{"target": 1.1952245182247097, "params": {"g": 2.281323365878769, "gz": 167.24265786604877, "w": 4.442922333025374, "x": 10.90377696905479, "y": 181.28967630930788}, "datetime": {"datetime": "2019-06-02 17:52:24", "elapsed": 13908.72209, "delta": 464.394988}}
{"target": 1.0620589545728283, "params": {"g": 2.252233009446337, "gz": 59.97940588473144, "w": 1.4794614693347312, "x": 53.88997228247163, "y": 233.1491644695023}, "datetime": {"datetime": "2019-06-02 18:01:22", "elapsed": 14447.082568, "delta": 538.360478}}
{"target": 1.084617728697562, "params": {"g": 1.9696087960622657, "gz": 113.38231191380589, "w": 3.8120758355807114, "x": 57.27184830930822, "y": 236.6138499265153}, "datetime": {"datetime": "2019-06-02 18:10:13", "elapsed": 14978.010669, "delta": 530.928101}}
{"target": 1.1095905498640222, "params": {"g": 3.8873418848263337, "gz": 65.32081324856554, "w": 2.988994023569542, "x": 49.11418027618006, "y": 154.18085932529613}, "datetime": {"datetime": "2019-06-02 18:18:59", "elapsed": 15503.826362, "delta": 525.815693}}
{"target": 1.202700314473435, "params": {"g": 1.1106608420635984, "gz": 129.72158011638143, "w": 3.010716092915446, "x": 16.692237662498616, "y": 153.43757570839338}, "datetime": {"datetime": "2019-06-02 18:26:35", "elapsed": 15960.164049, "delta": 456.337687}}
{"target": 0.5440280842061305, "params": {"g": 3.724797657899961, "gz": 63.121140320055034, "w": 1.5795794883648924, "x": 73.6288588360832, "y": 238.27805449327207}, "datetime": {"datetime": "2019-06-02 18:37:12", "elapsed": 16596.590706, "delta": 636.426657}}
{"target": 1.179382868107541, "params": {"g": 1.7261658145345011, "gz": 140.98439853305814, "w": 4.04647846131487, "x": 40.892880719011956, "y": 207.38596183342315}, "datetime": {"datetime": "2019-06-02 18:45:27", "elapsed": 17091.920814, "delta": 495.330108}}
{"target": 1.1387752120226482, "params": {"g": 2.10334939815776, "gz": 133.8150495068443, "w": 3.534118843043579, "x": 79.6507089297186, "y": 130.834772406529}, "datetime": {"datetime": "2019-06-02 18:53:50", "elapsed": 17594.692725, "delta": 502.771911}}
{"target": 1.222996785427937, "params": {"g": 3.505907486767714, "gz": 77.74041169491245, "w": 1.746074041599417, "x": 15.30076840211931, "y": 190.907153182589}, "datetime": {"datetime": "2019-06-02 19:01:50", "elapsed": 18074.55805, "delta": 479.865325}}
{"target": 1.105044188958117, "params": {"g": 3.032693085526847, "gz": 22.985809207014107, "w": 3.048372233197124, "x": 39.44445077573194, "y": 197.42073484913396}, "datetime": {"datetime": "2019-06-02 19:10:39", "elapsed": 18603.6072, "delta": 529.04915}}
{"target": 1.113150912875566, "params": {"g": 1.5230992870149742, "gz": 144.36879285844387, "w": 2.5469413852021496, "x": 131.7748985357755, "y": 136.5025132975192}, "datetime": {"datetime": "2019-06-02 19:19:36", "elapsed": 19140.782226, "delta": 537.175026}}
{"target": 1.0493364397181542, "params": {"g": 2.0231990531507753, "gz": 40.42523382330603, "w": 4.698774473114251, "x": 124.05411593952753, "y": 150.95299532581868}, "datetime": {"datetime": "2019-06-02 19:28:43", "elapsed": 19687.315328, "delta": 546.533102}}
{"target": 1.121267222175164, "params": {"g": 2.9799521381025373, "gz": 167.09999603621884, "w": 3.2208032463978493, "x": 78.85457518628084, "y": 149.02227490805421}, "datetime": {"datetime": "2019-06-02 19:37:13", "elapsed": 20198.114922, "delta": 510.799594}}
{"target": 1.1358159671466832, "params": {"g": 1.2793083034176975, "gz": 181.49883643159882, "w": 4.601672228653322, "x": 92.30318944552484, "y": 160.68357492584408}, "datetime": {"datetime": "2019-06-02 19:45:56", "elapsed": 20720.638213, "delta": 522.523291}}
{"target": 0.7226337152905231, "params": {"g": 2.047628723837983, "gz": 150.6720221966431, "w": 4.588441039810308, "x": 125.32123515446526, "y": 213.58506550291486}, "datetime": {"datetime": "2019-06-02 19:55:47", "elapsed": 21312.170761, "delta": 591.532548}}
{"target": 0.8909510680345438, "params": {"g": 2.9260949384628634, "gz": 35.14519369910879, "w": 1.646514856378455, "x": 126.8120445085203, "y": 192.7714871591508}, "datetime": {"datetime": "2019-06-02 20:05:23", "elapsed": 21887.349895, "delta": 575.179134}}
{"target": 1.1974366088332733, "params": {"g": 1.027591154849889, "gz": 38.264877715885774, "w": 3.6540070764322232, "x": 10.65800590000843, "y": 139.29696617009984}, "datetime": {"datetime": "2019-06-02 20:12:51", "elapsed": 22335.253169, "delta": 447.903274}}
{"target": 1.130395368205698, "params": {"g": 2.6462013680997583, "gz": 144.54113558468478, "w": 3.607845038010402, "x": 39.15501022987277, "y": 205.4615065617043}, "datetime": {"datetime": "2019-06-02 20:21:03", "elapsed": 22827.938667, "delta": 492.685498}}
{"target": 1.061151368460116, "params": {"g": 1.7117472624904002, "gz": 78.57194566866819, "w": 3.9859656204720966, "x": 94.4522768761379, "y": 221.90680925930135}, "datetime": {"datetime": "2019-06-02 20:30:16", "elapsed": 23381.000788, "delta": 553.062121}}
{"target": 1.1342524114003363, "params": {"g": 2.97283867690103, "gz": 122.29554860038489, "w": 1.37469907131237, "x": 57.803054397726356, "y": 151.82428412180707}, "datetime": {"datetime": "2019-06-02 20:38:30", "elapsed": 23875.085696, "delta": 494.084908}}
{"target": 1.073387645807346, "params": {"g": 1.7319689301372507, "gz": 195.14189985544022, "w": 2.5723908986670416, "x": 125.96605217302472, "y": 195.73663511967155}, "datetime": {"datetime": "2019-06-02 20:48:00", "elapsed": 24444.424234, "delta": 569.338538}}
{"target": 1.0675108212244226, "params": {"g": 3.3844339106249453, "gz": 110.47467675893458, "w": 3.3076155385054364, "x": 74.0273001964523, "y": 143.42915853576534}, "datetime": {"datetime": "2019-06-02 20:57:13", "elapsed": 24997.310086, "delta": 552.885852}}
{"target": 0.9895486332816967, "params": {"g": 3.167356345784516, "gz": 70.53902523935405, "w": 1.0972638657258154, "x": 93.91139846793182, "y": 141.2532815288459}, "datetime": {"datetime": "2019-06-02 21:06:51", "elapsed": 25575.55586, "delta": 578.245774}}
{"target": 1.1278434090460296, "params": {"g": 3.821375753058743, "gz": 191.70714386046572, "w": 4.659457560881794, "x": 58.12063103320777, "y": 121.85479398346409}, "datetime": {"datetime": "2019-06-02 21:15:29", "elapsed": 26093.789724, "delta": 518.233864}}
{"target": 0.26120154741122187, "params": {"g": 3.7849556877631763, "gz": 97.07314669711658, "w": 4.866619276174678, "x": 135.27059702160287, "y": 222.3611346560832}, "datetime": {"datetime": "2019-06-02 21:27:53", "elapsed": 26837.714346, "delta": 743.924622}}
{"target": 1.2157891738723487, "params": {"g": 1.883346676208757, "gz": 89.31759114834655, "w": 4.404546686067428, "x": 51.1998606703161, "y": 140.3391296023311}, "datetime": {"datetime": "2019-06-02 21:36:00", "elapsed": 27324.999094, "delta": 487.284748}}
{"target": 1.1193731718836306, "params": {"g": 2.6704037873750504, "gz": 188.50785934894057, "w": 3.784119186699892, "x": 84.10795211161745, "y": 131.66117925249222}, "datetime": {"datetime": "2019-06-02 21:44:28", "elapsed": 27832.59563, "delta": 507.596536}}
{"target": 1.0432441922596156, "params": {"g": 2.845021680097509, "gz": 198.20969301876738, "w": 1.5603360609460961, "x": 77.38285480728578, "y": 225.28476863135467}, "datetime": {"datetime": "2019-06-02 21:53:31", "elapsed": 28375.805007, "delta": 543.209377}}
{"target": 1.0854082433155927, "params": {"g": 3.2223058532626134, "gz": 145.46283337914824, "w": 3.809936335948437, "x": 56.733849658568175, "y": 155.2310213117392}, "datetime": {"datetime": "2019-06-02 22:02:29", "elapsed": 28913.637459, "delta": 537.832452}}
{"target": 0.3743058818764496, "params": {"g": 3.428083466435541, "gz": 165.82041104225254, "w": 4.468289274320415, "x": 128.72127183234127, "y": 181.36108786331255}, "datetime": {"datetime": "2019-06-02 22:13:56", "elapsed": 29600.723232, "delta": 687.085773}}
{"target": 0.9920346896048987, "params": {"g": 2.504548884061599, "gz": 163.69313221401953, "w": 3.5998557231110606, "x": 101.25569404350144, "y": 215.49512033233214}, "datetime": {"datetime": "2019-06-02 22:23:22", "elapsed": 30166.353609, "delta": 565.630377}}
{"target": 1.1845126199790337, "params": {"g": 3.670016025452699, "gz": 80.83912823327645, "w": 2.502331810559776, "x": 22.21765217931297, "y": 189.39361691954088}, "datetime": {"datetime": "2019-06-02 22:31:37", "elapsed": 30661.235537, "delta": 494.881928}}
{"target": 1.1854614965042773, "params": {"g": 1.1078268213902263, "gz": 103.80764326384283, "w": 3.1705785388303065, "x": 47.25036277667697, "y": 190.8999912682813}, "datetime": {"datetime": "2019-06-02 22:39:53", "elapsed": 31157.791382, "delta": 496.555845}}
{"target": 1.209725417108717, "params": {"g": 1.0915007498171483, "gz": 26.722673974858594, "w": 4.290402242638633, "x": 56.82478338346417, "y": 135.24726151822617}, "datetime": {"datetime": "2019-06-02 22:48:03", "elapsed": 31648.044848, "delta": 490.253466}}
{"target": 0.785875438760797, "params": {"g": 2.566729780164413, "gz": 158.59883955774995, "w": 1.8632841099873727, "x": 90.97576185647003, "y": 130.24169579925217}, "datetime": {"datetime": "2019-06-02 22:57:54", "elapsed": 32238.698784, "delta": 590.653936}}
{"target": 1.0716321080872748, "params": {"g": 1.155045163505823, "gz": 115.64383368226665, "w": 3.162540486440426, "x": 92.86588719476686, "y": 207.1309600467194}, "datetime": {"datetime": "2019-06-02 23:07:00", "elapsed": 32784.606193, "delta": 545.907409}}
{"target": 0.583127682582932, "params": {"g": 3.927556238387604, "gz": 112.93406269421516, "w": 2.291825891764984, "x": 113.37420531993148, "y": 152.4998701514489}, "datetime": {"datetime": "2019-06-02 23:17:24", "elapsed": 33408.947674, "delta": 624.341481}}
{"target": 0.5680905944395966, "params": {"g": 2.3169142621169083, "gz": 34.12214864160787, "w": 1.10140297366183, "x": 135.14429390813024, "y": 220.3176144614647}, "datetime": {"datetime": "2019-06-02 23:27:28", "elapsed": 34013.079373, "delta": 604.131699}}
{"target": 1.179308369559989, "params": {"g": 3.0879226182810937, "gz": 93.61152999456858, "w": 1.693177280283383, "x": 30.336815547241187, "y": 150.02914777975144}, "datetime": {"datetime": "2019-06-02 23:35:45", "elapsed": 34509.4514, "delta": 496.372027}}
{"target": 1.068140215674902, "params": {"g": 2.6476799941183615, "gz": 148.62726608601122, "w": 3.640789506870925, "x": 46.391406602972566, "y": 234.58383367958328}, "datetime": {"datetime": "2019-06-02 23:44:13", "elapsed": 35018.062225, "delta": 508.610825}}
{"target": 1.0830723584325463, "params": {"g": 3.2136907500873058, "gz": 119.78372945205213, "w": 3.446882984937409, "x": 64.54800811561269, "y": 149.7277187401389}, "datetime": {"datetime": "2019-06-02 23:53:21", "elapsed": 35565.631977, "delta": 547.569752}}
{"target": 0.8007446864811946, "params": {"g": 2.0679180359537845, "gz": 156.41229988358643, "w": 1.0575739545190235, "x": 25.08944326589911, "y": 125.52031704261033}, "datetime": {"datetime": "2019-06-03 00:01:27", "elapsed": 36051.453663, "delta": 485.821686}}
{"target": 1.1921829886923558, "params": {"g": 1.1221864069569105, "gz": 173.9829051219813, "w": 3.8146314375200947, "x": 71.64259778135226, "y": 131.74009927812017}, "datetime": {"datetime": "2019-06-03 00:09:43", "elapsed": 36548.014637, "delta": 496.560974}}
{"target": 1.1190377341874176, "params": {"g": 2.474847625350497, "gz": 105.22491874050182, "w": 1.6928074796400607, "x": 66.4007144009365, "y": 167.82056812768482}, "datetime": {"datetime": "2019-06-03 00:18:12", "elapsed": 37056.760263, "delta": 508.745626}}
{"target": 1.1033322319692263, "params": {"g": 2.8475502941566493, "gz": 134.3168571561759, "w": 1.181216039088178, "x": 58.69963990144126, "y": 195.10318988570836}, "datetime": {"datetime": "2019-06-03 00:26:43", "elapsed": 37567.821413, "delta": 511.06115}}
{"target": 1.2091952218531887, "params": {"g": 2.509408775740263, "gz": 174.16817141389802, "w": 3.63477452647578, "x": 31.18147552058586, "y": 128.46824968805157}, "datetime": {"datetime": "2019-06-03 00:34:31", "elapsed": 38035.325619, "delta": 467.504206}}
{"target": 0.8562694234131869, "params": {"g": 2.927257834618947, "gz": 24.772035897491925, "w": 3.343102325093853, "x": 132.22993138524447, "y": 189.05690134510547}, "datetime": {"datetime": "2019-06-03 00:44:09", "elapsed": 38613.84222, "delta": 578.516601}}
{"target": 1.0481730134371368, "params": {"g": 2.164509778619566, "gz": 135.79187931962358, "w": 2.8330115619660665, "x": 80.93018261107154, "y": 232.97577705318304}, "datetime": {"datetime": "2019-06-03 00:53:21", "elapsed": 39165.60264, "delta": 551.76042}}
{"target": 1.2220367021610297, "params": {"g": 2.158307913402323, "gz": 193.01430148830457, "w": 4.621402567824255, "x": 35.452847522608536, "y": 128.32335610501985}, "datetime": {"datetime": "2019-06-03 01:01:13", "elapsed": 39638.040221, "delta": 472.437581}}
{"target": 1.1735186498081807, "params": {"g": 1.30233400413228, "gz": 23.27992861727895, "w": 1.3777718430237136, "x": 98.7908805441264, "y": 128.54263781522747}, "datetime": {"datetime": "2019-06-03 01:09:41", "elapsed": 40146.183333, "delta": 508.143112}}
{"target": 0.777056460475659, "params": {"g": 1.956926890881284, "gz": 172.07755597450182, "w": 1.0930877429433035, "x": 115.88090273656165, "y": 153.822572972808}, "datetime": {"datetime": "2019-06-03 01:20:02", "elapsed": 40766.848726, "delta": 620.665393}}
{"target": 1.055653118666392, "params": {"g": 1.3544944828649688, "gz": 145.4126897655471, "w": 3.515771387119536, "x": 124.07136175851689, "y": 208.2085252564663}, "datetime": {"datetime": "2019-06-03 01:29:40", "elapsed": 41344.539744, "delta": 577.691018}}
{"target": 0.40451017803589434, "params": {"g": 3.4104427911545456, "gz": 70.76622306283517, "w": 1.7097581751188913, "x": 107.57991771331159, "y": 216.82016871207168}, "datetime": {"datetime": "2019-06-03 01:41:09", "elapsed": 42034.160866, "delta": 689.621122}}
{"target": 0.5488728223044527, "params": {"g": 3.97151542600202, "gz": 94.27118184405677, "w": 2.4880723431711327, "x": 110.9336848964596, "y": 160.89642483036215}, "datetime": {"datetime": "2019-06-03 01:51:41", "elapsed": 42665.439656, "delta": 631.27879}}
{"target": 0.4035817631368888, "params": {"g": 3.792271976810694, "gz": 174.51429533174212, "w": 2.7159761095000734, "x": 107.61323881289466, "y": 210.54514489016188}, "datetime": {"datetime": "2019-06-03 02:03:03", "elapsed": 43348.218689, "delta": 682.779033}}
{"target": 1.157452191603726, "params": {"g": 1.0, "gz": 200.0, "w": 1.0, "x": 10.0, "y": 240.0}, "datetime": {"datetime": "2019-06-03 02:10:42", "elapsed": 43806.478489, "delta": 458.2598}}
{"target": 1.1402751893065326, "params": {"g": 1.0, "gz": 86.59202119381578, "w": 5.0, "x": 140.0, "y": 120.0}, "datetime": {"datetime": "2019-06-03 02:19:38", "elapsed": 44342.637017, "delta": 536.158528}}
{"target": 1.1565192413011232, "params": {"g": 1.0, "gz": 108.38797886737765, "w": 1.0, "x": 10.0, "y": 240.0}, "datetime": {"datetime": "2019-06-03 02:27:17", "elapsed": 44801.866756, "delta": 459.229739}}
{"target": 1.1651867757116632, "params": {"g": 1.0, "gz": 200.0, "w": 1.0, "x": 140.0, "y": 120.0}, "datetime": {"datetime": "2019-06-03 02:36:03", "elapsed": 45327.975249, "delta": 526.108493}}
{"target": 1.1294096250611958, "params": {"g": 1.0, "gz": 20.0, "w": 5.0, "x": 140.0, "y": 120.0}, "datetime": {"datetime": "2019-06-03 02:44:59", "elapsed": 45863.583602, "delta": 535.608353}}
