{"target": 0.0, "params": {"g": 2.1236203565420873, "gz": 191.1285751537849, "w": 3.9279757672456204, "x": 87.82560294561476, "y": 138.7222368530924}, "datetime": {"datetime": "2019-05-31 19:30:11", "elapsed": 0.0, "delta": 0.0}}
{"target": 0.0, "params": {"g": 1.4679835610086078, "gz": 30.455050190275905, "w": 4.46470458309974, "x": 88.14495152661715, "y": 204.96870933552546}, "datetime": {"datetime": "2019-05-31 19:30:11", "elapsed": 0.000391, "delta": 0.000391}}
{"target": 0.0, "params": {"g": 1.0617534828874073, "gz": 194.58377338915898, "w": 4.329770563201687, "x": 37.6040843881759, "y": 141.81899606485206}, "datetime": {"datetime": "2019-05-31 19:30:11", "elapsed": 0.000587, "delta": 0.000196}}
{"target": 1.1837389166960595, "params": {"g": 1.5502135295603015, "gz": 74.76360373271679, "w": 3.0990257265289514, "x": 66.15285242347505, "y": 154.94749682376502}, "datetime": {"datetime": "2019-05-31 19:38:38", "elapsed": 507.321661, "delta": 507.321074}}
{"target": 1.1327902685823101, "params": {"g": 2.8355586841671383, "gz": 45.10889491736753, "w": 2.1685785941408726, "x": 57.62703962817992, "y": 174.72839810604432}, "datetime": {"datetime": "2019-05-31 19:47:04", "elapsed": 1012.903764, "delta": 505.582103}}
{"target": 1.0751665161588992, "params": {"g": 3.3555278841790406, "gz": 55.941280788504756, "w": 3.0569377536544464, "x": 87.01389395206552, "y": 125.57404952639973}, "datetime": {"datetime": "2019-05-31 19:56:21", "elapsed": 1570.614973, "delta": 557.711209}}
{"target": 0.5092926279607575, "params": {"g": 2.8226345557043153, "gz": 50.69434226371247, "w": 1.260206371941118, "x": 133.35511984293333, "y": 235.87584396894712}, "datetime": {"datetime": "2019-05-31 20:06:39", "elapsed": 2188.197975, "delta": 617.583002}}
{"target": 0.595363633500529, "params": {"g": 3.4251920443493833, "gz": 74.83047845120672, "w": 1.3906884560255355, "x": 98.9502934465804, "y": 172.81829924875217}, "datetime": {"datetime": "2019-05-31 20:17:02", "elapsed": 2811.418433, "delta": 623.220458}}
{"target": 1.1040516336710549, "params": {"g": 1.3661147045343365, "gz": 109.13184382002864, "w": 1.1375540844608736, "x": 128.21165227024167, "y": 151.05359779200202}, "datetime": {"datetime": "2019-05-31 20:26:09", "elapsed": 3357.987972, "delta": 546.569539}}
{"target": 1.1144234090126506, "params": {"g": 2.9875668530619457, "gz": 76.10799369609397, "w": 3.0802720847112433, "x": 81.07233631462636, "y": 142.18253466306325}, "datetime": {"datetime": "2019-05-31 20:34:40", "elapsed": 3869.163385, "delta": 511.175413}}
{"target": 0.0, "params": {"g": 3.9087538832936755, "gz": 159.52390820500062, "w": 4.757995766256757, "x": 126.32755555559434, "y": 191.7479974573302}, "datetime": {"datetime": "2019-05-31 20:34:40", "elapsed": 3869.163655, "delta": 0.00027}}
{"target": 1.2263677518523939, "params": {"g": 3.7656227050693505, "gz": 35.92865036934551, "w": 1.7839314496765808, "x": 15.879547558369948, "y": 159.03963969159173}, "datetime": {"datetime": "2019-05-31 20:42:36", "elapsed": 4344.786785, "delta": 475.62313}}
{"target": 1.1524247014272748, "params": {"g": 2.166031869068446, "gz": 68.84282571930126, "w": 4.314950036607717, "x": 56.377932470166606, "y": 153.7121411624857}, "datetime": {"datetime": "2019-05-31 20:50:52", "elapsed": 4841.633188, "delta": 496.846403}}
{"target": 1.1654802334136383, "params": {"g": 2.6280882494747453, "gz": 45.36636049545727, "w": 4.208787923016159, "x": 19.691583678370208, "y": 238.42643239206208}, "datetime": {"datetime": "2019-05-31 20:58:47", "elapsed": 5316.506398, "delta": 474.87321}}
{"target": 0.4017524379771159, "params": {"g": 3.3167343078899725, "gz": 55.76882267615103, "w": 1.0220884684944096, "x": 116.00998569912844, "y": 204.82288126171406}, "datetime": {"datetime": "2019-05-31 21:10:27", "elapsed": 6015.99884, "delta": 699.492442}}
{"target": 0.0, "params": {"g": 3.1870215041229617, "gz": 158.82866240347025, "w": 1.2961786069363614, "x": 56.600544710755436, "y": 133.90428714301555}, "datetime": {"datetime": "2019-05-31 21:10:27", "elapsed": 6015.999097, "delta": 0.000257}}
{"target": 1.2189984955310977, "params": {"g": 3.5893102776267805, "gz": 132.19366282896044, "w": 2.3235920994105967, "x": 18.26258553718307, "y": 157.31787860587946}, "datetime": {"datetime": "2019-05-31 21:18:30", "elapsed": 6499.540973, "delta": 483.541876}}
{"target": 0.0, "params": {"g": 1.9755499660802411, "gz": 151.32911210085155, "w": 3.5502298854208525, "x": 125.33765653492244, "y": 176.66579101943393}, "datetime": {"datetime": "2019-05-31 21:18:30", "elapsed": 6499.541282, "delta": 0.000309}}
{"target": 1.0926250040161634, "params": {"g": 1.358782737814905, "gz": 148.3840617001391, "w": 4.04314019446759, "x": 82.96603568403451, "y": 212.51606159454732}, "datetime": {"datetime": "2019-05-31 21:27:33", "elapsed": 7042.258943, "delta": 542.717661}}
{"target": 0.0, "params": {"g": 2.4813867890931722, "gz": 114.09190928875893, "w": 2.7101640734341985, "x": 13.304486476732375, "y": 132.94697123919653}, "datetime": {"datetime": "2019-05-31 21:27:33", "elapsed": 7042.259222, "delta": 0.000279}}
{"target": 1.0593460547634634, "params": {"g": 1.0942875570602029, "gz": 134.55387402748048, "w": 2.2574239243053067, "x": 76.11418985141135, "y": 228.90797687113115}, "datetime": {"datetime": "2019-05-31 21:36:37", "elapsed": 7585.798543, "delta": 543.539321}}
{"target": 0.0, "params": {"g": 1.7478766874466247, "gz": 93.86892614641336, "w": 4.022204554172195, "x": 39.74376151391092, "y": 129.23758917945517}, "datetime": {"datetime": "2019-05-31 21:36:37", "elapsed": 7585.798816, "delta": 0.000273}}
{"target": 1.0812340647870053, "params": {"g": 1.869254358741304, "gz": 49.0198317057208, "w": 4.718790609370292, "x": 115.0556493433742, "y": 196.00845078125081}, "datetime": {"datetime": "2019-05-31 21:45:59", "elapsed": 8148.232427, "delta": 562.433611}}
{"target": 0.5728039375007928, "params": {"g": 3.614381770563153, "gz": 164.66097384184062, "w": 1.7462802355441434, "x": 126.0326698036971, "y": 184.7210690298781}, "datetime": {"datetime": "2019-05-31 21:58:39", "elapsed": 8907.912131, "delta": 759.679704}}
{"target": 0.0, "params": {"g": 3.4223204654921875, "gz": 181.29643398622878, "w": 2.2720138998874555, "x": 24.30675018859798, "y": 147.352219505033}, "datetime": {"datetime": "2019-05-31 21:58:39", "elapsed": 8907.912404, "delta": 0.000273}}
{"target": 0.0, "params": {"g": 2.281323365878769, "gz": 167.24265786604877, "w": 4.442922333025374, "x": 10.90377696905479, "y": 181.28967630930788}, "datetime": {"datetime": "2019-05-31 21:58:39", "elapsed": 8907.912627, "delta": 0.000223}}
{"target": 1.0555631604197733, "params": {"g": 2.252233009446337, "gz": 59.97940588473144, "w": 1.4794614693347312, "x": 53.88997228247163, "y": 233.1491644695023}, "datetime": {"datetime": "2019-05-31 22:07:16", "elapsed": 9425.711612, "delta": 517.798985}}
{"target": 1.0757524063304083, "params": {"g": 1.9696087960622657, "gz": 113.38231191380589, "w": 3.8120758355807114, "x": 57.27184830930822, "y": 236.6138499265153}, "datetime": {"datetime": "2019-05-31 22:16:00", "elapsed": 9949.399609, "delta": 523.687997}}
{"target": 1.117266825362149, "params": {"g": 3.8873418848263337, "gz": 65.32081324856554, "w": 2.988994023569542, "x": 49.11418027618006, "y": 154.18085932529613}, "datetime": {"datetime": "2019-05-31 22:24:50", "elapsed": 10479.395426, "delta": 529.995817}}
{"target": 0.0, "params": {"g": 1.1106608420635984, "gz": 129.72158011638143, "w": 3.010716092915446, "x": 16.692237662498616, "y": 153.43757570839338}, "datetime": {"datetime": "2019-05-31 22:24:50", "elapsed": 10479.395705, "delta": 0.000279}}
{"target": 0.5426395660416607, "params": {"g": 3.724797657899961, "gz": 63.121140320055034, "w": 1.5795794883648924, "x": 73.6288588360832, "y": 238.27805449327207}, "datetime": {"datetime": "2019-05-31 22:35:20", "elapsed": 11108.940549, "delta": 629.544844}}
{"target": 1.1758998850877704, "params": {"g": 1.7261658145345011, "gz": 140.98439853305814, "w": 4.04647846131487, "x": 40.892880719011956, "y": 207.38596183342315}, "datetime": {"datetime": "2019-05-31 22:43:38", "elapsed": 11606.946235, "delta": 498.005686}}
{"target": 0.0, "params": {"g": 2.10334939815776, "gz": 133.8150495068443, "w": 3.534118843043579, "x": 79.6507089297186, "y": 130.834772406529}, "datetime": {"datetime": "2019-05-31 22:43:38", "elapsed": 11606.946513, "delta": 0.000278}}
{"target": 1.2153296566405345, "params": {"g": 3.505907486767714, "gz": 77.74041169491245, "w": 1.746074041599417, "x": 15.30076840211931, "y": 190.907153182589}, "datetime": {"datetime": "2019-05-31 22:51:40", "elapsed": 12088.80931, "delta": 481.862797}}
{"target": 0.0, "params": {"g": 3.032693085526847, "gz": 22.985809207014107, "w": 3.048372233197124, "x": 39.44445077573194, "y": 197.42073484913396}, "datetime": {"datetime": "2019-05-31 22:51:40", "elapsed": 12088.809593, "delta": 0.000283}}
{"target": 0.0, "params": {"g": 1.5230992870149742, "gz": 144.36879285844387, "w": 2.5469413852021496, "x": 131.7748985357755, "y": 136.5025132975192}, "datetime": {"datetime": "2019-05-31 22:51:40", "elapsed": 12088.80982, "delta": 0.000227}}
{"target": 0.0, "params": {"g": 2.0231990531507753, "gz": 40.42523382330603, "w": 4.698774473114251, "x": 124.05411593952753, "y": 150.95299532581868}, "datetime": {"datetime": "2019-05-31 22:51:40", "elapsed": 12088.810042, "delta": 0.000222}}
{"target": 0.0, "params": {"g": 2.9799521381025373, "gz": 167.09999603621884, "w": 3.2208032463978493, "x": 78.85457518628084, "y": 149.02227490805421}, "datetime": {"datetime": "2019-05-31 22:51:40", "elapsed": 12088.810264, "delta": 0.000222}}
{"target": 0.0, "params": {"g": 1.2793083034176975, "gz": 181.49883643159882, "w": 4.601672228653322, "x": 92.30318944552484, "y": 160.68357492584408}, "datetime": {"datetime": "2019-05-31 22:51:40", "elapsed": 12088.810486, "delta": 0.000222}}
{"target": 0.715547063648736, "params": {"g": 2.047628723837983, "gz": 150.6720221966431, "w": 4.588441039810308, "x": 125.32123515446526, "y": 213.58506550291486}, "datetime": {"datetime": "2019-05-31 23:01:37", "elapsed": 12686.264969, "delta": 597.454483}}
{"target": 1.209193261613152, "params": {"g": 4.0, "gz": 137.32901312859843, "w": 1.0, "x": 24.498536912240407, "y": 169.92559343413492}, "datetime": {"datetime": "2019-05-31 23:09:13", "elapsed": 13142.235319, "delta": 455.97035}}
{"target": 1.1773896995937294, "params": {"g": 4.0, "gz": 53.691763298889775, "w": 1.0, "x": 71.93098859909323, "y": 151.1486145915383}, "datetime": {"datetime": "2019-05-31 23:17:09", "elapsed": 13618.449333, "delta": 476.214014}}
{"target": 1.1801853682522867, "params": {"g": 3.3547198177208295, "gz": 56.837202699302445, "w": 1.8342921603584226, "x": 26.325352086041896, "y": 171.69158123145408}, "datetime": {"datetime": "2019-05-31 23:25:31", "elapsed": 14120.690116, "delta": 502.240783}}
{"target": 1.2273159626121646, "params": {"g": 1.0, "gz": 40.56575387262231, "w": 1.0, "x": 40.10245826528243, "y": 156.085693926251}, "datetime": {"datetime": "2019-05-31 23:33:39", "elapsed": 14608.420691, "delta": 487.730575}}
{"target": 1.2098183084500296, "params": {"g": 1.9530221260694351, "gz": 71.69156283120152, "w": 1.2820279925950453, "x": 45.31581076572697, "y": 182.26027974501898}, "datetime": {"datetime": "2019-05-31 23:42:16", "elapsed": 15125.676497, "delta": 517.255806}}
{"target": 1.1560569424742184, "params": {"g": 2.5719964178971346, "gz": 67.92154507439501, "w": 2.1847902535460872, "x": 32.348802951780485, "y": 210.29028485625182}, "datetime": {"datetime": "2019-05-31 23:50:34", "elapsed": 15623.55004, "delta": 497.873543}}
{"target": 1.2000444348736492, "params": {"g": 1.1714382301128339, "gz": 86.32928230219846, "w": 3.029890377190967, "x": 13.930393795140319, "y": 135.31570163526294}, "datetime": {"datetime": "2019-05-31 23:58:05", "elapsed": 16074.501955, "delta": 450.951915}}
{"target": 1.1939505386794038, "params": {"g": 1.0, "gz": 61.07349308161892, "w": 1.7270055081094429, "x": 14.139968527077857, "y": 146.02346010620553}, "datetime": {"datetime": "2019-06-01 00:05:42", "elapsed": 16531.314452, "delta": 456.812497}}
{"target": 1.1893610341863723, "params": {"g": 4.0, "gz": 80.01437961437438, "w": 5.0, "x": 10.0, "y": 163.3716091260366}, "datetime": {"datetime": "2019-06-01 00:13:05", "elapsed": 16974.611029, "delta": 443.296577}}
{"target": 1.0484004044280697, "params": {"g": 1.6391171181446431, "gz": 119.54487720847001, "w": 4.237230356625677, "x": 101.69653362318624, "y": 229.44977178334534}, "datetime": {"datetime": "2019-06-01 00:22:35", "elapsed": 17544.119412, "delta": 569.508383}}
{"target": 0.0, "params": {"g": 2.715708705503652, "gz": 174.65224452464852, "w": 2.807172779547265, "x": 31.57565644474582, "y": 136.6832075279012}, "datetime": {"datetime": "2019-06-01 00:22:35", "elapsed": 17544.546994, "delta": 0.427582}}
{"target": 1.0859400380797843, "params": {"g": 3.8659968205604915, "gz": 100.73722762698944, "w": 3.014028799936662, "x": 39.050671105374825, "y": 204.0420646824133}, "datetime": {"datetime": "2019-06-01 00:31:30", "elapsed": 18079.048353, "delta": 534.501359}}
{"target": 1.1345714397887594, "params": {"g": 4.0, "gz": 120.97891020453825, "w": 5.0, "x": 65.50572902084258, "y": 203.0204230190527}, "datetime": {"datetime": "2019-06-01 00:39:30", "elapsed": 18559.151512, "delta": 480.103159}}
{"target": 1.1278771113464274, "params": {"g": 2.426946750503215, "gz": 79.16970675238937, "w": 4.373704517810561, "x": 27.095657818604867, "y": 239.83778328541348}, "datetime": {"datetime": "2019-06-01 00:47:37", "elapsed": 19046.501645, "delta": 487.350133}}
{"target": 1.1973555414101444, "params": {"g": 1.8580804108904183, "gz": 68.87347391823994, "w": 4.534568393769044, "x": 56.49817067029164, "y": 153.06452073624405}, "datetime": {"datetime": "2019-06-01 00:55:52", "elapsed": 19541.443025, "delta": 494.94138}}
{"target": 1.2217349526017558, "params": {"g": 1.0, "gz": 51.742464844599816, "w": 5.0, "x": 53.39212760144286, "y": 128.12621149325517}, "datetime": {"datetime": "2019-06-01 01:04:00", "elapsed": 20029.257947, "delta": 487.814922}}
{"target": 0.0, "params": {"g": 4.0, "gz": 32.80864987672001, "w": 5.0, "x": 23.145498471944958, "y": 127.3731688440274}, "datetime": {"datetime": "2019-06-01 01:04:03", "elapsed": 20032.682772, "delta": 3.424825}}
{"target": 1.1740879965041555, "params": {"g": 4.0, "gz": 120.18585804803591, "w": 5.0, "x": 23.999318514690856, "y": 229.08240730333353}, "datetime": {"datetime": "2019-06-01 01:11:41", "elapsed": 20490.410298, "delta": 457.727526}}
{"target": 1.1225174666086932, "params": {"g": 4.0, "gz": 146.90179783273214, "w": 5.0, "x": 42.50218587042372, "y": 239.0532942315523}, "datetime": {"datetime": "2019-06-01 01:19:33", "elapsed": 20962.506498, "delta": 472.0962}}
{"target": 1.1772985415618802, "params": {"g": 1.0, "gz": 93.77157466410077, "w": 1.0, "x": 10.0, "y": 217.6756470318172}, "datetime": {"datetime": "2019-06-01 01:27:10", "elapsed": 21418.900622, "delta": 456.394124}}
{"target": 1.1822194918555906, "params": {"g": 4.0, "gz": 112.70501735513909, "w": 1.0, "x": 10.0, "y": 189.17954603689057}, "datetime": {"datetime": "2019-06-01 01:34:34", "elapsed": 21862.741415, "delta": 443.840793}}
{"target": 1.086971328533846, "params": {"g": 1.0, "gz": 173.73236111938726, "w": 1.0, "x": 60.19651237130289, "y": 224.74778920173807}, "datetime": {"datetime": "2019-06-01 01:43:18", "elapsed": 22387.273823, "delta": 524.532408}}
{"target": 1.0483152023348956, "params": {"g": 1.0, "gz": 167.4204919906467, "w": 1.0, "x": 96.50141367464299, "y": 240.0}, "datetime": {"datetime": "2019-06-01 01:52:47", "elapsed": 22956.524253, "delta": 569.25043}}
{"target": 1.1470401538786303, "params": {"g": 1.0, "gz": 153.30431218191515, "w": 1.0, "x": 10.0, "y": 240.0}, "datetime": {"datetime": "2019-06-01 02:00:24", "elapsed": 23413.449151, "delta": 456.924898}}
{"target": 1.1650367569190527, "params": {"g": 4.0, "gz": 185.6864216993745, "w": 5.0, "x": 27.214554754505446, "y": 240.0}, "datetime": {"datetime": "2019-06-01 02:08:05", "elapsed": 23874.43482, "delta": 460.985669}}
{"target": 0.0, "params": {"g": 4.0, "gz": 200.0, "w": 1.0, "x": 140.0, "y": 181.33323235147222}, "datetime": {"datetime": "2019-06-01 02:08:08", "elapsed": 23877.439966, "delta": 3.005146}}
{"target": 0.0, "params": {"g": 4.0, "gz": 200.0, "w": 5.0, "x": 75.03388171326982, "y": 240.0}, "datetime": {"datetime": "2019-06-01 02:08:11", "elapsed": 23880.391541, "delta": 2.951575}}
{"target": 0.9841655462920087, "params": {"g": 1.0, "gz": 126.90867068378105, "w": 1.0, "x": 138.8526637424444, "y": 240.0}, "datetime": {"datetime": "2019-06-01 02:18:30", "elapsed": 24498.813856, "delta": 618.422315}}
{"target": 0.0, "params": {"g": 1.0, "gz": 20.115326174680273, "w": 5.0, "x": 70.64658259762413, "y": 140.2782683672379}, "datetime": {"datetime": "2019-06-01 02:18:32", "elapsed": 24501.719505, "delta": 2.905649}}
{"target": 1.114540216056982, "params": {"g": 1.0, "gz": 90.2298741245437, "w": 1.0, "x": 140.0, "y": 122.18302193846445}, "datetime": {"datetime": "2019-06-01 02:27:25", "elapsed": 25034.192745, "delta": 532.47324}}
{"target": 0.0, "params": {"g": 1.0, "gz": 88.47615320672105, "w": 5.0, "x": 108.22313117489581, "y": 120.0}, "datetime": {"datetime": "2019-06-01 02:27:28", "elapsed": 25037.121163, "delta": 2.928418}}
{"target": 0.9763161897860233, "params": {"g": 1.0, "gz": 170.0385104907411, "w": 1.0, "x": 140.0, "y": 240.0}, "datetime": {"datetime": "2019-06-01 02:37:44", "elapsed": 25653.610806, "delta": 616.489643}}
{"target": 0.0, "params": {"g": 1.0, "gz": 22.59511562875894, "w": 5.0, "x": 140.0, "y": 195.48344590179377}, "datetime": {"datetime": "2019-06-01 02:37:47", "elapsed": 25656.532368, "delta": 2.921562}}
{"target": 1.121456432111343, "params": {"g": 1.0, "gz": 85.53914478990251, "w": 5.0, "x": 67.39156356109487, "y": 205.33759750938464}, "datetime": {"datetime": "2019-06-01 02:46:31", "elapsed": 26180.460182, "delta": 523.927814}}
{"target": 1.0683104527853047, "params": {"g": 1.0, "gz": 89.78649859981975, "w": 5.0, "x": 140.0, "y": 172.76655862402583}, "datetime": {"datetime": "2019-06-01 02:56:00", "elapsed": 26748.863597, "delta": 568.403415}}
{"target": 0.7521842525560274, "params": {"g": 1.0, "gz": 200.0, "w": 1.0, "x": 10.0, "y": 220.0035423685518}, "datetime": {"datetime": "2019-06-01 03:03:34", "elapsed": 27203.54923, "delta": 454.685633}}
{"target": 1.0364837197457133, "params": {"g": 1.0, "gz": 104.00346406040268, "w": 5.0, "x": 140.0, "y": 209.9297482646286}, "datetime": {"datetime": "2019-06-01 03:13:30", "elapsed": 27798.753546, "delta": 595.204316}}
{"target": 1.095054793755117, "params": {"g": 1.0, "gz": 109.417786411125, "w": 1.0, "x": 98.17791663314883, "y": 196.5337188843206}, "datetime": {"datetime": "2019-06-01 03:22:37", "elapsed": 28346.462637, "delta": 547.709091}}
{"target": 1.1513038016952564, "params": {"g": 1.0, "gz": 105.38598043192276, "w": 1.0, "x": 66.00525775640286, "y": 175.9883262062379}, "datetime": {"datetime": "2019-06-01 03:31:09", "elapsed": 28858.704667, "delta": 512.24203}}
{"target": 1.1795831843624764, "params": {"g": 1.0, "gz": 20.0, "w": 1.0, "x": 10.0, "y": 240.0}, "datetime": {"datetime": "2019-06-01 03:38:44", "elapsed": 29313.536757, "delta": 454.83209}}
